<html>
<head>
<title>TestNG:  Default test</title>
<link href="../testng.css" rel="stylesheet" type="text/css" />
<link href="../my-testng.css" rel="stylesheet" type="text/css" />

<style type="text/css">
.log { display: none;} 
.stack-trace { display: none;} 
</style>
<script type="text/javascript">
<!--
function flip(e) {
  current = e.style.display;
  if (current == 'block') {
    e.style.display = 'none';
    return 0;
  }
  else {
    e.style.display = 'block';
    return 1;
  }
}

function toggleBox(szDivId, elem, msg1, msg2)
{
  var res = -1;  if (document.getElementById) {
    res = flip(document.getElementById(szDivId));
  }
  else if (document.all) {
    // this is the way old msie versions work
    res = flip(document.all[szDivId]);
  }
  if(elem) {
    if(res == 0) elem.innerHTML = msg1; else elem.innerHTML = msg2;
  }

}

function toggleAllBoxes() {
  if (document.getElementsByTagName) {
    d = document.getElementsByTagName('div');
    for (i = 0; i < d.length; i++) {
      if (d[i].className == 'log') {
        flip(d[i]);
      }
    }
  }
}

// -->
</script>

</head>
<body>
<h2 align='center'>Default test</h2><table border='1' align="center">
<tr>
<td>Tests passed/Failed/Skipped:</td><td>113/11/0</td>
</tr><tr>
<td>Started on:</td><td>Sat Aug 19 13:17:08 EDT 2023</td>
</tr>
<tr><td>Total time:</td><td>117 seconds (117877 ms)</td>
</tr><tr>
<td>Included groups:</td><td></td>
</tr><tr>
<td>Excluded groups:</td><td></td>
</tr>
</table><p/>
<small><i>(Hover the method name to see the test class name)</i></small><p/>
<table width='100%' border='1' class='invocation-failed'>
<tr><td colspan='4' align='center'><b>FAILED TESTS</b></td></tr>
<tr><td><b>Test method</b></td>
<td><b>Attribute(s)</b></td>
<td width="30%"><b>Exception</b></td>
<td width="10%"><b>Time (seconds)</b></td>
<td><b>Instance</b></td>
</tr>
<tr>
<td title='runner.TestRunner.runScenario()'><b>runScenario</b><br>Test class: runner.TestRunner<br>Test method: Runs Cucumber Scenarios<br>Parameters: "The user is presented with error message for password with characters less than 8", "Register page Validation"</td>
<td><div><pre>java.lang.AssertionError: expected [Password should contain at least 8 characters] but found [password_mismatch:The two password fields didn’t match.]
	at org.testng.Assert.fail(Assert.java:110)
	at org.testng.Assert.failNotEquals(Assert.java:1577)
	at org.testng.Assert.assertEqualsImpl(Assert.java:149)
	at org.testng.Assert.assertEquals(Assert.java:131)
	at org.testng.Assert.assertEquals(Assert.java:655)
	at org.testng.Assert.assertEquals(Assert.java:665)
	at StepDefinition.C_Register_SD.it_should_display_an_error_message(C_Register_SD.java:79)
	at ✽.It should display an error message &quot;Password should contain at least 8 characters&quot;(file:///C:/Users/limna/git/repository/SDET_Algo/src/test/resources/features/3_Register.feature:66)
</pre></div><a href='#' onClick='toggleBox("stack-trace1813976543", this, "Click to show all stack frames", "Click to hide stack frames")'>Click to show all stack frames</a>
<div class='stack-trace' id='stack-trace1813976543'><pre>java.lang.AssertionError: expected [Password should contain at least 8 characters] but found [password_mismatch:The two password fields didn’t match.]
	at org.testng.Assert.fail(Assert.java:110)
	at org.testng.Assert.failNotEquals(Assert.java:1577)
	at org.testng.Assert.assertEqualsImpl(Assert.java:149)
	at org.testng.Assert.assertEquals(Assert.java:131)
	at org.testng.Assert.assertEquals(Assert.java:655)
	at org.testng.Assert.assertEquals(Assert.java:665)
	at StepDefinition.C_Register_SD.it_should_display_an_error_message(C_Register_SD.java:79)
	at ✽.It should display an error message &quot;Password should contain at least 8 characters&quot;(file:///C:/Users/limna/git/repository/SDET_Algo/src/test/resources/features/3_Register.feature:66)
</pre></div></td>
<td>0</td>
<td>runner.TestRunner@24111ef1</td></tr>
<tr>
<td title='runner.TestRunner.runScenario()'><b>runScenario</b><br>Test class: runner.TestRunner<br>Test method: Runs Cucumber Scenarios<br>Parameters: "The user is presented with error message for password too similar to your other personal information", "Register page Validation"</td>
<td><div><pre>java.lang.AssertionError: expected [password can’t be too similar to your other personal information.] but found [password_mismatch:The two password fields didn’t match.]
	at org.testng.Assert.fail(Assert.java:110)
	at org.testng.Assert.failNotEquals(Assert.java:1577)
	at org.testng.Assert.assertEqualsImpl(Assert.java:149)
	at org.testng.Assert.assertEquals(Assert.java:131)
	at org.testng.Assert.assertEquals(Assert.java:655)
	at org.testng.Assert.assertEquals(Assert.java:665)
	at StepDefinition.C_Register_SD.it_should_display_an_error_message(C_Register_SD.java:79)
	at ✽.It should display an error message &quot;password can’t be too similar to your other personal information.&quot;(file:///C:/Users/limna/git/repository/SDET_Algo/src/test/resources/features/3_Register.feature:82)
</pre></div><a href='#' onClick='toggleBox("stack-trace1590075830", this, "Click to show all stack frames", "Click to hide stack frames")'>Click to show all stack frames</a>
<div class='stack-trace' id='stack-trace1590075830'><pre>java.lang.AssertionError: expected [password can’t be too similar to your other personal information.] but found [password_mismatch:The two password fields didn’t match.]
	at org.testng.Assert.fail(Assert.java:110)
	at org.testng.Assert.failNotEquals(Assert.java:1577)
	at org.testng.Assert.assertEqualsImpl(Assert.java:149)
	at org.testng.Assert.assertEquals(Assert.java:131)
	at org.testng.Assert.assertEquals(Assert.java:655)
	at org.testng.Assert.assertEquals(Assert.java:665)
	at StepDefinition.C_Register_SD.it_should_display_an_error_message(C_Register_SD.java:79)
	at ✽.It should display an error message &quot;password can’t be too similar to your other personal information.&quot;(file:///C:/Users/limna/git/repository/SDET_Algo/src/test/resources/features/3_Register.feature:82)
</pre></div></td>
<td>0</td>
<td>runner.TestRunner@24111ef1</td></tr>
<tr>
<td title='runner.TestRunner.runScenario()'><b>runScenario</b><br>Test class: runner.TestRunner<br>Test method: Runs Cucumber Scenarios<br>Parameters: "The user is presented with error message for commonly used password", "Register page Validation"</td>
<td><div><pre>java.lang.AssertionError: expected [Password can’t be commonly used password] but found [password_mismatch:The two password fields didn’t match.]
	at org.testng.Assert.fail(Assert.java:110)
	at org.testng.Assert.failNotEquals(Assert.java:1577)
	at org.testng.Assert.assertEqualsImpl(Assert.java:149)
	at org.testng.Assert.assertEquals(Assert.java:131)
	at org.testng.Assert.assertEquals(Assert.java:655)
	at org.testng.Assert.assertEquals(Assert.java:665)
	at StepDefinition.C_Register_SD.it_should_display_an_error_message(C_Register_SD.java:79)
	at ✽.It should display an error message &quot;Password can’t be commonly used password&quot;(file:///C:/Users/limna/git/repository/SDET_Algo/src/test/resources/features/3_Register.feature:90)
</pre></div><a href='#' onClick='toggleBox("stack-trace602529144", this, "Click to show all stack frames", "Click to hide stack frames")'>Click to show all stack frames</a>
<div class='stack-trace' id='stack-trace602529144'><pre>java.lang.AssertionError: expected [Password can’t be commonly used password] but found [password_mismatch:The two password fields didn’t match.]
	at org.testng.Assert.fail(Assert.java:110)
	at org.testng.Assert.failNotEquals(Assert.java:1577)
	at org.testng.Assert.assertEqualsImpl(Assert.java:149)
	at org.testng.Assert.assertEquals(Assert.java:131)
	at org.testng.Assert.assertEquals(Assert.java:655)
	at org.testng.Assert.assertEquals(Assert.java:665)
	at StepDefinition.C_Register_SD.it_should_display_an_error_message(C_Register_SD.java:79)
	at ✽.It should display an error message &quot;Password can’t be commonly used password&quot;(file:///C:/Users/limna/git/repository/SDET_Algo/src/test/resources/features/3_Register.feature:90)
</pre></div></td>
<td>0</td>
<td>runner.TestRunner@24111ef1</td></tr>
<tr>
<td title='runner.TestRunner.runScenario()'><b>runScenario</b><br>Test class: runner.TestRunner<br>Test method: Runs Cucumber Scenarios<br>Parameters: "User is able to navigate to tryeditor page and submit valid python code", "Evaluate arrays module"</td>
<td><div><pre>java.lang.AssertionError: Result do not match expected [null] but found [Error occurred during submission]
	at org.testng.Assert.fail(Assert.java:110)
	at org.testng.Assert.failNotEquals(Assert.java:1577)
	at org.testng.Assert.assertEqualsImpl(Assert.java:149)
	at org.testng.Assert.assertEquals(Assert.java:131)
	at org.testng.Assert.assertEquals(Assert.java:655)
	at StepDefinition.F_Array_SD.the_user_should_be_presented_with_successful_submission_message(F_Array_SD.java:109)
	at ✽.The user should be presented with successful submission message(file:///C:/Users/limna/git/repository/SDET_Algo/src/test/resources/features/6_Array.feature:149)
</pre></div><a href='#' onClick='toggleBox("stack-trace264092188", this, "Click to show all stack frames", "Click to hide stack frames")'>Click to show all stack frames</a>
<div class='stack-trace' id='stack-trace264092188'><pre>java.lang.AssertionError: Result do not match expected [null] but found [Error occurred during submission]
	at org.testng.Assert.fail(Assert.java:110)
	at org.testng.Assert.failNotEquals(Assert.java:1577)
	at org.testng.Assert.assertEqualsImpl(Assert.java:149)
	at org.testng.Assert.assertEquals(Assert.java:131)
	at org.testng.Assert.assertEquals(Assert.java:655)
	at StepDefinition.F_Array_SD.the_user_should_be_presented_with_successful_submission_message(F_Array_SD.java:109)
	at ✽.The user should be presented with successful submission message(file:///C:/Users/limna/git/repository/SDET_Algo/src/test/resources/features/6_Array.feature:149)
</pre></div></td>
<td>1</td>
<td>runner.TestRunner@24111ef1</td></tr>
<tr>
<td title='runner.TestRunner.runScenario()'><b>runScenario</b><br>Test class: runner.TestRunner<br>Test method: Runs Cucumber Scenarios<br>Parameters: "The user is presented with error message for existing username", "Register page Validation"</td>
<td><div><pre>java.lang.AssertionError: expected [Username already exists] but found [password_mismatch:The two password fields didn’t match.]
	at org.testng.Assert.fail(Assert.java:110)
	at org.testng.Assert.failNotEquals(Assert.java:1577)
	at org.testng.Assert.assertEqualsImpl(Assert.java:149)
	at org.testng.Assert.assertEquals(Assert.java:131)
	at org.testng.Assert.assertEquals(Assert.java:655)
	at org.testng.Assert.assertEquals(Assert.java:665)
	at StepDefinition.C_Register_SD.it_should_display_an_error_message(C_Register_SD.java:79)
	at ✽.It should display an error message &quot;Username already exists&quot;(file:///C:/Users/limna/git/repository/SDET_Algo/src/test/resources/features/3_Register.feature:98)
</pre></div><a href='#' onClick='toggleBox("stack-trace1447044674", this, "Click to show all stack frames", "Click to hide stack frames")'>Click to show all stack frames</a>
<div class='stack-trace' id='stack-trace1447044674'><pre>java.lang.AssertionError: expected [Username already exists] but found [password_mismatch:The two password fields didn’t match.]
	at org.testng.Assert.fail(Assert.java:110)
	at org.testng.Assert.failNotEquals(Assert.java:1577)
	at org.testng.Assert.assertEqualsImpl(Assert.java:149)
	at org.testng.Assert.assertEquals(Assert.java:131)
	at org.testng.Assert.assertEquals(Assert.java:655)
	at org.testng.Assert.assertEquals(Assert.java:665)
	at StepDefinition.C_Register_SD.it_should_display_an_error_message(C_Register_SD.java:79)
	at ✽.It should display an error message &quot;Username already exists&quot;(file:///C:/Users/limna/git/repository/SDET_Algo/src/test/resources/features/3_Register.feature:98)
</pre></div></td>
<td>0</td>
<td>runner.TestRunner@24111ef1</td></tr>
<tr>
<td title='runner.TestRunner.runScenario()'><b>runScenario</b><br>Test class: runner.TestRunner<br>Test method: Runs Cucumber Scenarios<br>Parameters: "User on login page and login with invalid and valid inputs from Excel "Sheet1" and 0", "Validating Sign in page"</td>
<td><div><pre>java.lang.AssertionError: expected [Please check your password] but found [Invalid Username and Password]
	at org.testng.Assert.fail(Assert.java:110)
	at org.testng.Assert.failNotEquals(Assert.java:1577)
	at org.testng.Assert.assertEqualsImpl(Assert.java:149)
	at org.testng.Assert.assertEquals(Assert.java:131)
	at org.testng.Assert.assertEquals(Assert.java:655)
	at org.testng.Assert.assertEquals(Assert.java:665)
	at StepDefinition.D_SignIn_SD.click_login_button(D_SignIn_SD.java:119)
	at ✽.click login button(file:///C:/Users/limna/git/repository/SDET_Algo/src/test/resources/features/4_SignIn.feature:44)
</pre></div><a href='#' onClick='toggleBox("stack-trace571435580", this, "Click to show all stack frames", "Click to hide stack frames")'>Click to show all stack frames</a>
<div class='stack-trace' id='stack-trace571435580'><pre>java.lang.AssertionError: expected [Please check your password] but found [Invalid Username and Password]
	at org.testng.Assert.fail(Assert.java:110)
	at org.testng.Assert.failNotEquals(Assert.java:1577)
	at org.testng.Assert.assertEqualsImpl(Assert.java:149)
	at org.testng.Assert.assertEquals(Assert.java:131)
	at org.testng.Assert.assertEquals(Assert.java:655)
	at org.testng.Assert.assertEquals(Assert.java:665)
	at StepDefinition.D_SignIn_SD.click_login_button(D_SignIn_SD.java:119)
	at ✽.click login button(file:///C:/Users/limna/git/repository/SDET_Algo/src/test/resources/features/4_SignIn.feature:44)
</pre></div></td>
<td>1</td>
<td>runner.TestRunner@24111ef1</td></tr>
<tr>
<td title='runner.TestRunner.runScenario()'><b>runScenario</b><br>Test class: runner.TestRunner<br>Test method: Runs Cucumber Scenarios<br>Parameters: "The user is presented with error message for invalid username", "Register page Validation"</td>
<td><div><pre>java.lang.AssertionError: expected [Please enter a valid username] but found [password_mismatch:The two password fields didn’t match.]
	at org.testng.Assert.fail(Assert.java:110)
	at org.testng.Assert.failNotEquals(Assert.java:1577)
	at org.testng.Assert.assertEqualsImpl(Assert.java:149)
	at org.testng.Assert.assertEquals(Assert.java:131)
	at org.testng.Assert.assertEquals(Assert.java:655)
	at org.testng.Assert.assertEquals(Assert.java:665)
	at StepDefinition.C_Register_SD.it_should_display_an_error_message(C_Register_SD.java:79)
	at ✽.It should display an error message &quot;Please enter a valid username&quot;(file:///C:/Users/limna/git/repository/SDET_Algo/src/test/resources/features/3_Register.feature:51)
</pre></div><a href='#' onClick='toggleBox("stack-trace202968316", this, "Click to show all stack frames", "Click to hide stack frames")'>Click to show all stack frames</a>
<div class='stack-trace' id='stack-trace202968316'><pre>java.lang.AssertionError: expected [Please enter a valid username] but found [password_mismatch:The two password fields didn’t match.]
	at org.testng.Assert.fail(Assert.java:110)
	at org.testng.Assert.failNotEquals(Assert.java:1577)
	at org.testng.Assert.assertEqualsImpl(Assert.java:149)
	at org.testng.Assert.assertEquals(Assert.java:131)
	at org.testng.Assert.assertEquals(Assert.java:655)
	at org.testng.Assert.assertEquals(Assert.java:665)
	at StepDefinition.C_Register_SD.it_should_display_an_error_message(C_Register_SD.java:79)
	at ✽.It should display an error message &quot;Please enter a valid username&quot;(file:///C:/Users/limna/git/repository/SDET_Algo/src/test/resources/features/3_Register.feature:51)
</pre></div></td>
<td>0</td>
<td>runner.TestRunner@24111ef1</td></tr>
<tr>
<td title='runner.TestRunner.runScenario()'><b>runScenario</b><br>Test class: runner.TestRunner<br>Test method: Runs Cucumber Scenarios<br>Parameters: "The user is able to signout from the registered page", "Register page Validation"</td>
<td><div><pre>org.openqa.selenium.NoSuchElementException: no such element: Unable to locate element: {&quot;method&quot;:&quot;xpath&quot;,&quot;selector&quot;:&quot;//a[@href=&apos;/logout&apos;]&quot;}
  (Session info: chrome=116.0.5845.97)
For documentation on this error, please visit: https://www.selenium.dev/documentation/webdriver/troubleshooting/errors#no-such-element-exception
Build info: version: &apos;4.11.0&apos;, revision: &apos;040bc5406b&apos;
System info: os.name: &apos;Windows 10&apos;, os.arch: &apos;amd64&apos;, os.version: &apos;10.0&apos;, java.version: &apos;17.0.7&apos;
Driver info: org.openqa.selenium.chrome.ChromeDriver
Command: [ab6d9cb20c098db6202cc62f2dda0a12, findElement {using=xpath, value=//a[@href=&apos;/logout&apos;]}]
Capabilities {acceptInsecureCerts: false, browserName: chrome, browserVersion: 116.0.5845.97, chrome: {chromedriverVersion: 116.0.5845.96 (1a3918166880..., userDataDir: C:\Users\limna\AppData\Loca...}, fedcm:accounts: true, goog:chromeOptions: {debuggerAddress: localhost:62308}, networkConnectionEnabled: false, pageLoadStrategy: normal, platformName: windows, proxy: Proxy(), se:cdp: ws://localhost:62308/devtoo..., se:cdpVersion: 116.0.5845.97, setWindowRect: true, strictFileInteractability: false, timeouts: {implicit: 0, pageLoad: 300000, script: 30000}, unhandledPromptBehavior: dismiss and notify, webauthn:extension:credBlob: true, webauthn:extension:largeBlob: true, webauthn:extension:minPinLength: true, webauthn:extension:prf: true, webauthn:virtualAuthenticators: true}
Session ID: ab6d9cb20c098db6202cc62f2dda0a12
	at java.base/jdk.internal.reflect.NativeConstructorAccessorImpl.newInstance0(Native Method)
	at java.base/jdk.internal.reflect.NativeConstructorAccessorImpl.newInstance(NativeConstructorAccessorImpl.java:77)
	at java.base/jdk.internal.reflect.DelegatingConstructorAccessorImpl.newInstance(DelegatingConstructorAccessorImpl.java:45)
	at java.base/java.lang.reflect.Constructor.newInstanceWithCaller(Constructor.java:499)
	at java.base/java.lang.reflect.Constructor.newInstance(Constructor.java:480)
	at org.openqa.selenium.remote.codec.w3c.W3CHttpResponseCodec.createException(W3CHttpResponseCodec.java:200)
	at org.openqa.selenium.remote.codec.w3c.W3CHttpResponseCodec.decode(W3CHttpResponseCodec.java:133)
	at org.openqa.selenium.remote.codec.w3c.W3CHttpResponseCodec.decode(W3CHttpResponseCodec.java:52)
	at org.openqa.selenium.remote.HttpCommandExecutor.execute(HttpCommandExecutor.java:191)
	at org.openqa.selenium.remote.service.DriverCommandExecutor.invokeExecute(DriverCommandExecutor.java:196)
	at org.openqa.selenium.remote.service.DriverCommandExecutor.execute(DriverCommandExecutor.java:171)
	at org.openqa.selenium.remote.RemoteWebDriver.execute(RemoteWebDriver.java:518)
	at org.openqa.selenium.remote.ElementLocation$ElementFinder$2.findElement(ElementLocation.java:165)
	at org.openqa.selenium.remote.ElementLocation.findElement(ElementLocation.java:59)
	at org.openqa.selenium.remote.RemoteWebDriver.findElement(RemoteWebDriver.java:355)
	at org.openqa.selenium.remote.RemoteWebDriver.findElement(RemoteWebDriver.java:349)
	at org.openqa.selenium.support.pagefactory.DefaultElementLocator.findElement(DefaultElementLocator.java:68)
	at org.openqa.selenium.support.pagefactory.internal.LocatingElementHandler.invoke(LocatingElementHandler.java:38)
	at jdk.proxy2/jdk.proxy2.$Proxy33.click(Unknown Source)
	at pageObjects.RegisterPage.clickSignout(RegisterPage.java:133)
	at StepDefinition.C_Register_SD.the_user_clicks_the_link(C_Register_SD.java:173)
	at ✽.The user clicks the &quot;Sign Out&quot; link(file:///C:/Users/limna/git/repository/SDET_Algo/src/test/resources/features/3_Register.feature:120)
</pre></div><a href='#' onClick='toggleBox("stack-trace1246783221", this, "Click to show all stack frames", "Click to hide stack frames")'>Click to show all stack frames</a>
<div class='stack-trace' id='stack-trace1246783221'><pre>org.openqa.selenium.NoSuchElementException: no such element: Unable to locate element: {&quot;method&quot;:&quot;xpath&quot;,&quot;selector&quot;:&quot;//a[@href=&apos;/logout&apos;]&quot;}
  (Session info: chrome=116.0.5845.97)
For documentation on this error, please visit: https://www.selenium.dev/documentation/webdriver/troubleshooting/errors#no-such-element-exception
Build info: version: &apos;4.11.0&apos;, revision: &apos;040bc5406b&apos;
System info: os.name: &apos;Windows 10&apos;, os.arch: &apos;amd64&apos;, os.version: &apos;10.0&apos;, java.version: &apos;17.0.7&apos;
Driver info: org.openqa.selenium.chrome.ChromeDriver
Command: [ab6d9cb20c098db6202cc62f2dda0a12, findElement {using=xpath, value=//a[@href=&apos;/logout&apos;]}]
Capabilities {acceptInsecureCerts: false, browserName: chrome, browserVersion: 116.0.5845.97, chrome: {chromedriverVersion: 116.0.5845.96 (1a3918166880..., userDataDir: C:\Users\limna\AppData\Loca...}, fedcm:accounts: true, goog:chromeOptions: {debuggerAddress: localhost:62308}, networkConnectionEnabled: false, pageLoadStrategy: normal, platformName: windows, proxy: Proxy(), se:cdp: ws://localhost:62308/devtoo..., se:cdpVersion: 116.0.5845.97, setWindowRect: true, strictFileInteractability: false, timeouts: {implicit: 0, pageLoad: 300000, script: 30000}, unhandledPromptBehavior: dismiss and notify, webauthn:extension:credBlob: true, webauthn:extension:largeBlob: true, webauthn:extension:minPinLength: true, webauthn:extension:prf: true, webauthn:virtualAuthenticators: true}
Session ID: ab6d9cb20c098db6202cc62f2dda0a12
	at java.base/jdk.internal.reflect.NativeConstructorAccessorImpl.newInstance0(Native Method)
	at java.base/jdk.internal.reflect.NativeConstructorAccessorImpl.newInstance(NativeConstructorAccessorImpl.java:77)
	at java.base/jdk.internal.reflect.DelegatingConstructorAccessorImpl.newInstance(DelegatingConstructorAccessorImpl.java:45)
	at java.base/java.lang.reflect.Constructor.newInstanceWithCaller(Constructor.java:499)
	at java.base/java.lang.reflect.Constructor.newInstance(Constructor.java:480)
	at org.openqa.selenium.remote.codec.w3c.W3CHttpResponseCodec.createException(W3CHttpResponseCodec.java:200)
	at org.openqa.selenium.remote.codec.w3c.W3CHttpResponseCodec.decode(W3CHttpResponseCodec.java:133)
	at org.openqa.selenium.remote.codec.w3c.W3CHttpResponseCodec.decode(W3CHttpResponseCodec.java:52)
	at org.openqa.selenium.remote.HttpCommandExecutor.execute(HttpCommandExecutor.java:191)
	at org.openqa.selenium.remote.service.DriverCommandExecutor.invokeExecute(DriverCommandExecutor.java:196)
	at org.openqa.selenium.remote.service.DriverCommandExecutor.execute(DriverCommandExecutor.java:171)
	at org.openqa.selenium.remote.RemoteWebDriver.execute(RemoteWebDriver.java:518)
	at org.openqa.selenium.remote.ElementLocation$ElementFinder$2.findElement(ElementLocation.java:165)
	at org.openqa.selenium.remote.ElementLocation.findElement(ElementLocation.java:59)
	at org.openqa.selenium.remote.RemoteWebDriver.findElement(RemoteWebDriver.java:355)
	at org.openqa.selenium.remote.RemoteWebDriver.findElement(RemoteWebDriver.java:349)
	at org.openqa.selenium.support.pagefactory.DefaultElementLocator.findElement(DefaultElementLocator.java:68)
	at org.openqa.selenium.support.pagefactory.internal.LocatingElementHandler.invoke(LocatingElementHandler.java:38)
	at jdk.proxy2/jdk.proxy2.$Proxy33.click(Unknown Source)
	at pageObjects.RegisterPage.clickSignout(RegisterPage.java:133)
	at StepDefinition.C_Register_SD.the_user_clicks_the_link(C_Register_SD.java:173)
	at ✽.The user clicks the &quot;Sign Out&quot; link(file:///C:/Users/limna/git/repository/SDET_Algo/src/test/resources/features/3_Register.feature:120)
</pre></div></td>
<td>0</td>
<td>runner.TestRunner@24111ef1</td></tr>
<tr>
<td title='runner.TestRunner.runScenario()'><b>runScenario</b><br>Test class: runner.TestRunner<br>Test method: Runs Cucumber Scenarios<br>Parameters: "User on login page and login with invalid and valid inputs from Excel "Sheet1" and 1", "Validating Sign in page"</td>
<td><div><pre>java.lang.AssertionError: expected [Please check your user id] but found [Invalid Username and Password]
	at org.testng.Assert.fail(Assert.java:110)
	at org.testng.Assert.failNotEquals(Assert.java:1577)
	at org.testng.Assert.assertEqualsImpl(Assert.java:149)
	at org.testng.Assert.assertEquals(Assert.java:131)
	at org.testng.Assert.assertEquals(Assert.java:655)
	at org.testng.Assert.assertEquals(Assert.java:665)
	at StepDefinition.D_SignIn_SD.click_login_button(D_SignIn_SD.java:119)
	at ✽.click login button(file:///C:/Users/limna/git/repository/SDET_Algo/src/test/resources/features/4_SignIn.feature:44)
</pre></div><a href='#' onClick='toggleBox("stack-trace139193534", this, "Click to show all stack frames", "Click to hide stack frames")'>Click to show all stack frames</a>
<div class='stack-trace' id='stack-trace139193534'><pre>java.lang.AssertionError: expected [Please check your user id] but found [Invalid Username and Password]
	at org.testng.Assert.fail(Assert.java:110)
	at org.testng.Assert.failNotEquals(Assert.java:1577)
	at org.testng.Assert.assertEqualsImpl(Assert.java:149)
	at org.testng.Assert.assertEquals(Assert.java:131)
	at org.testng.Assert.assertEquals(Assert.java:655)
	at org.testng.Assert.assertEquals(Assert.java:665)
	at StepDefinition.D_SignIn_SD.click_login_button(D_SignIn_SD.java:119)
	at ✽.click login button(file:///C:/Users/limna/git/repository/SDET_Algo/src/test/resources/features/4_SignIn.feature:44)
</pre></div></td>
<td>0</td>
<td>runner.TestRunner@24111ef1</td></tr>
<tr>
<td title='runner.TestRunner.runScenario()'><b>runScenario</b><br>Test class: runner.TestRunner<br>Test method: Runs Cucumber Scenarios<br>Parameters: "The user is presented with error message for password with only numbers", "Register page Validation"</td>
<td><div><pre>java.lang.AssertionError: expected [Password can’t be entirely numeric.] but found [password_mismatch:The two password fields didn’t match.]
	at org.testng.Assert.fail(Assert.java:110)
	at org.testng.Assert.failNotEquals(Assert.java:1577)
	at org.testng.Assert.assertEqualsImpl(Assert.java:149)
	at org.testng.Assert.assertEquals(Assert.java:131)
	at org.testng.Assert.assertEquals(Assert.java:655)
	at org.testng.Assert.assertEquals(Assert.java:665)
	at StepDefinition.C_Register_SD.it_should_display_an_error_message(C_Register_SD.java:79)
	at ✽.It should display an error message &quot;Password can’t be entirely numeric.&quot;(file:///C:/Users/limna/git/repository/SDET_Algo/src/test/resources/features/3_Register.feature:74)
</pre></div><a href='#' onClick='toggleBox("stack-trace2087202342", this, "Click to show all stack frames", "Click to hide stack frames")'>Click to show all stack frames</a>
<div class='stack-trace' id='stack-trace2087202342'><pre>java.lang.AssertionError: expected [Password can’t be entirely numeric.] but found [password_mismatch:The two password fields didn’t match.]
	at org.testng.Assert.fail(Assert.java:110)
	at org.testng.Assert.failNotEquals(Assert.java:1577)
	at org.testng.Assert.assertEqualsImpl(Assert.java:149)
	at org.testng.Assert.assertEquals(Assert.java:131)
	at org.testng.Assert.assertEquals(Assert.java:655)
	at org.testng.Assert.assertEquals(Assert.java:665)
	at StepDefinition.C_Register_SD.it_should_display_an_error_message(C_Register_SD.java:79)
	at ✽.It should display an error message &quot;Password can’t be entirely numeric.&quot;(file:///C:/Users/limna/git/repository/SDET_Algo/src/test/resources/features/3_Register.feature:74)
</pre></div></td>
<td>0</td>
<td>runner.TestRunner@24111ef1</td></tr>
<tr>
<td title='runner.TestRunner.runScenario()'><b>runScenario</b><br>Test class: runner.TestRunner<br>Test method: Runs Cucumber Scenarios<br>Parameters: "The user redirected to Homepage with valid details", "Register page Validation"</td>
<td><div><pre>java.lang.AssertionError: Title mismatch expected [NumpyNinja] but found [ProgrammingError at /register]
	at org.testng.Assert.fail(Assert.java:110)
	at org.testng.Assert.failNotEquals(Assert.java:1577)
	at org.testng.Assert.assertEqualsImpl(Assert.java:149)
	at org.testng.Assert.assertEquals(Assert.java:131)
	at org.testng.Assert.assertEquals(Assert.java:655)
	at StepDefinition.C_Register_SD.the_user_should_be_redirected_to_homepage_with_the_message(C_Register_SD.java:134)
	at ✽.The user should be redirected to Homepage with the message &quot;New Account Created. You are logged in as &lt;username&gt;&quot;(file:///C:/Users/limna/git/repository/SDET_Algo/src/test/resources/features/3_Register.feature:105)
</pre></div><a href='#' onClick='toggleBox("stack-trace2038535743", this, "Click to show all stack frames", "Click to hide stack frames")'>Click to show all stack frames</a>
<div class='stack-trace' id='stack-trace2038535743'><pre>java.lang.AssertionError: Title mismatch expected [NumpyNinja] but found [ProgrammingError at /register]
	at org.testng.Assert.fail(Assert.java:110)
	at org.testng.Assert.failNotEquals(Assert.java:1577)
	at org.testng.Assert.assertEqualsImpl(Assert.java:149)
	at org.testng.Assert.assertEquals(Assert.java:131)
	at org.testng.Assert.assertEquals(Assert.java:655)
	at StepDefinition.C_Register_SD.the_user_should_be_redirected_to_homepage_with_the_message(C_Register_SD.java:134)
	at ✽.The user should be redirected to Homepage with the message &quot;New Account Created. You are logged in as &lt;username&gt;&quot;(file:///C:/Users/limna/git/repository/SDET_Algo/src/test/resources/features/3_Register.feature:105)
</pre></div></td>
<td>1</td>
<td>runner.TestRunner@24111ef1</td></tr>
</table><p>
<table width='100%' border='1' class='invocation-passed'>
<tr><td colspan='4' align='center'><b>PASSED TESTS</b></td></tr>
<tr><td><b>Test method</b></td>
<td><b>Attribute(s)</b></td>
<td width="30%"><b>Exception</b></td>
<td width="10%"><b>Time (seconds)</b></td>
<td><b>Instance</b></td>
</tr>
<tr>
<td title='runner.TestRunner.runScenario()'><b>runScenario</b><br>Test class: runner.TestRunner<br>Test method: Runs Cucumber Scenarios<br>Parameters: "User is able to navigate to tryeditor page and run invalid python code", "Evaluate arrays module"</td>
<td></td>
<td>0</td>
<td>runner.TestRunner@24111ef1</td></tr>
<tr>
<td title='runner.TestRunner.runScenario()'><b>runScenario</b><br>Test class: runner.TestRunner<br>Test method: Runs Cucumber Scenarios<br>Parameters: "User is able to navigate to tryeditor page and run invalid python code", "Evaluate arrays module"</td>
<td></td>
<td>1</td>
<td>runner.TestRunner@24111ef1</td></tr>
<tr>
<td title='runner.TestRunner.runScenario()'><b>runScenario</b><br>Test class: runner.TestRunner<br>Test method: Runs Cucumber Scenarios<br>Parameters: "User is able to navigate to tryeditor page and run valid python code", "Evaluate Linkedlist Module"</td>
<td></td>
<td>1</td>
<td>runner.TestRunner@24111ef1</td></tr>
<tr>
<td title='runner.TestRunner.runScenario()'><b>runScenario</b><br>Test class: runner.TestRunner<br>Test method: Runs Cucumber Scenarios<br>Parameters: "User is able to navigate to tryeditor page and run invalid python code", "Evaluate arrays module"</td>
<td></td>
<td>1</td>
<td>runner.TestRunner@24111ef1</td></tr>
<tr>
<td title='runner.TestRunner.runScenario()'><b>runScenario</b><br>Test class: runner.TestRunner<br>Test method: Runs Cucumber Scenarios<br>Parameters: "User is able to navigate to tryeditor page and run invalid python code", "Evaluate Stack Module"</td>
<td></td>
<td>0</td>
<td>runner.TestRunner@24111ef1</td></tr>
<tr>
<td title='runner.TestRunner.runScenario()'><b>runScenario</b><br>Test class: runner.TestRunner<br>Test method: Runs Cucumber Scenarios<br>Parameters: "User is able to navigate to tryeditor page and run invalid python code", "Evaluate Tree module"</td>
<td></td>
<td>0</td>
<td>runner.TestRunner@24111ef1</td></tr>
<tr>
<td title='runner.TestRunner.runScenario()'><b>runScenario</b><br>Test class: runner.TestRunner<br>Test method: Runs Cucumber Scenarios<br>Parameters: "User is on Home page and click getstarted link on  home page without sign in", "User Navigated to Home Page"</td>
<td></td>
<td>0</td>
<td>runner.TestRunner@24111ef1</td></tr>
<tr>
<td title='runner.TestRunner.runScenario()'><b>runScenario</b><br>Test class: runner.TestRunner<br>Test method: Runs Cucumber Scenarios<br>Parameters: "User is able to navigate to tryeditor page and run valid python code", "Evaluate Queue module"</td>
<td></td>
<td>1</td>
<td>runner.TestRunner@24111ef1</td></tr>
<tr>
<td title='runner.TestRunner.runScenario()'><b>runScenario</b><br>Test class: runner.TestRunner<br>Test method: Runs Cucumber Scenarios<br>Parameters: "User is on Home page and click getstarted link on  home page without sign in", "User Navigated to Home Page"</td>
<td></td>
<td>0</td>
<td>runner.TestRunner@24111ef1</td></tr>
<tr>
<td title='runner.TestRunner.runScenario()'><b>runScenario</b><br>Test class: runner.TestRunner<br>Test method: Runs Cucumber Scenarios<br>Parameters: "User is on Home page and click on dropdown "Stack" without sign in", "User Navigated to Home Page"</td>
<td></td>
<td>0</td>
<td>runner.TestRunner@24111ef1</td></tr>
<tr>
<td title='runner.TestRunner.runScenario()'><b>runScenario</b><br>Test class: runner.TestRunner<br>Test method: Runs Cucumber Scenarios<br>Parameters: "User is on Home page and click on Register", "User Navigated to Home Page"</td>
<td></td>
<td>0</td>
<td>runner.TestRunner@24111ef1</td></tr>
<tr>
<td title='runner.TestRunner.runScenario()'><b>runScenario</b><br>Test class: runner.TestRunner<br>Test method: Runs Cucumber Scenarios<br>Parameters: "User is able to navigate to tryeditor page and run valid python code", "Evaluate Queue module"</td>
<td></td>
<td>1</td>
<td>runner.TestRunner@24111ef1</td></tr>
<tr>
<td title='runner.TestRunner.runScenario()'><b>runScenario</b><br>Test class: runner.TestRunner<br>Test method: Runs Cucumber Scenarios<br>Parameters: "User validating Practice Questions Page and navigate back to home page", "Evaluate Linkedlist Module"</td>
<td></td>
<td>0</td>
<td>runner.TestRunner@24111ef1</td></tr>
<tr>
<td title='runner.TestRunner.runScenario()'><b>runScenario</b><br>Test class: runner.TestRunner<br>Test method: Runs Cucumber Scenarios<br>Parameters: "User is able to navigate to tryeditor page and run valid python code", "Evaluate Tree module"</td>
<td></td>
<td>1</td>
<td>runner.TestRunner@24111ef1</td></tr>
<tr>
<td title='runner.TestRunner.runScenario()'><b>runScenario</b><br>Test class: runner.TestRunner<br>Test method: Runs Cucumber Scenarios<br>Parameters: "User is on Home page and click getstarted link on  home page without sign in", "User Navigated to Home Page"</td>
<td></td>
<td>0</td>
<td>runner.TestRunner@24111ef1</td></tr>
<tr>
<td title='runner.TestRunner.runScenario()'><b>runScenario</b><br>Test class: runner.TestRunner<br>Test method: Runs Cucumber Scenarios<br>Parameters: "User is able to navigate to tryeditor page and run invalid python code", "Evaluate arrays module"</td>
<td></td>
<td>1</td>
<td>runner.TestRunner@24111ef1</td></tr>
<tr>
<td title='runner.TestRunner.runScenario()'><b>runScenario</b><br>Test class: runner.TestRunner<br>Test method: Runs Cucumber Scenarios<br>Parameters: "User is able to navigate to tryeditor page and run invalid python code", "Evaluate Data stuructures Introduction"</td>
<td></td>
<td>1</td>
<td>runner.TestRunner@24111ef1</td></tr>
<tr>
<td title='runner.TestRunner.runScenario()'><b>runScenario</b><br>Test class: runner.TestRunner<br>Test method: Runs Cucumber Scenarios<br>Parameters: "User is able to navigate to tryeditor page and run valid python code", "Evaluate Tree module"</td>
<td></td>
<td>1</td>
<td>runner.TestRunner@24111ef1</td></tr>
<tr>
<td title='runner.TestRunner.runScenario()'><b>runScenario</b><br>Test class: runner.TestRunner<br>Test method: Runs Cucumber Scenarios<br>Parameters: "User is able to navigate to tryeditor page and run valid python code", "Evaluate Tree module"</td>
<td></td>
<td>1</td>
<td>runner.TestRunner@24111ef1</td></tr>
<tr>
<td title='runner.TestRunner.runScenario()'><b>runScenario</b><br>Test class: runner.TestRunner<br>Test method: Runs Cucumber Scenarios<br>Parameters: "User is able to navigate to tryeditor page and run invalid python code", "Evaluate Linkedlist Module"</td>
<td></td>
<td>0</td>
<td>runner.TestRunner@24111ef1</td></tr>
<tr>
<td title='runner.TestRunner.runScenario()'><b>runScenario</b><br>Test class: runner.TestRunner<br>Test method: Runs Cucumber Scenarios<br>Parameters: "User is on Home page and click on dropdown "Tree" without sign in", "User Navigated to Home Page"</td>
<td></td>
<td>0</td>
<td>runner.TestRunner@24111ef1</td></tr>
<tr>
<td title='runner.TestRunner.runScenario()'><b>runScenario</b><br>Test class: runner.TestRunner<br>Test method: Runs Cucumber Scenarios<br>Parameters: "User is able to navigate to tryeditor page and run invalid python code", "Evaluate Tree module"</td>
<td></td>
<td>0</td>
<td>runner.TestRunner@24111ef1</td></tr>
<tr>
<td title='runner.TestRunner.runScenario()'><b>runScenario</b><br>Test class: runner.TestRunner<br>Test method: Runs Cucumber Scenarios<br>Parameters: "User is able to navigate to tryeditor page and run valid python code", "Evaluate Queue module"</td>
<td></td>
<td>1</td>
<td>runner.TestRunner@24111ef1</td></tr>
<tr>
<td title='runner.TestRunner.runScenario()'><b>runScenario</b><br>Test class: runner.TestRunner<br>Test method: Runs Cucumber Scenarios<br>Parameters: "User is able to navigate to tryeditor page and run invalid  python code", "Evaluate arrays module"</td>
<td></td>
<td>0</td>
<td>runner.TestRunner@24111ef1</td></tr>
<tr>
<td title='runner.TestRunner.runScenario()'><b>runScenario</b><br>Test class: runner.TestRunner<br>Test method: Runs Cucumber Scenarios<br>Parameters: "User is able to navigate to practice questions", "Evaluate Data stuructures Introduction"</td>
<td></td>
<td>0</td>
<td>runner.TestRunner@24111ef1</td></tr>
<tr>
<td title='runner.TestRunner.runScenario()'><b>runScenario</b><br>Test class: runner.TestRunner<br>Test method: Runs Cucumber Scenarios<br>Parameters: "User is able to navigate Tree", "Evaluate Tree module"</td>
<td></td>
<td>1</td>
<td>runner.TestRunner@24111ef1</td></tr>
<tr>
<td title='runner.TestRunner.runScenario()'><b>runScenario</b><br>Test class: runner.TestRunner<br>Test method: Runs Cucumber Scenarios<br>Parameters: "User is able to navigate to tryeditor page and run invalid python code", "Evaluate Tree module"</td>
<td></td>
<td>0</td>
<td>runner.TestRunner@24111ef1</td></tr>
<tr>
<td title='runner.TestRunner.runScenario()'><b>runScenario</b><br>Test class: runner.TestRunner<br>Test method: Runs Cucumber Scenarios<br>Parameters: "User is able to navigate to tryeditor page and run valid python code", "Evaluate Tree module"</td>
<td></td>
<td>1</td>
<td>runner.TestRunner@24111ef1</td></tr>
<tr>
<td title='runner.TestRunner.runScenario()'><b>runScenario</b><br>Test class: runner.TestRunner<br>Test method: Runs Cucumber Scenarios<br>Parameters: "User is able to navigate to tryeditor page and run valid python code", "Evaluate Tree module"</td>
<td></td>
<td>1</td>
<td>runner.TestRunner@24111ef1</td></tr>
<tr>
<td title='runner.TestRunner.runScenario()'><b>runScenario</b><br>Test class: runner.TestRunner<br>Test method: Runs Cucumber Scenarios<br>Parameters: "User is able to navigate to tryeditor page and run valid python code", "Evaluate Linkedlist Module"</td>
<td></td>
<td>1</td>
<td>runner.TestRunner@24111ef1</td></tr>
<tr>
<td title='runner.TestRunner.runScenario()'><b>runScenario</b><br>Test class: runner.TestRunner<br>Test method: Runs Cucumber Scenarios<br>Parameters: "User is on Home page and click getstarted link on  home page without sign in", "User Navigated to Home Page"</td>
<td></td>
<td>0</td>
<td>runner.TestRunner@24111ef1</td></tr>
<tr>
<td title='runner.TestRunner.runScenario()'><b>runScenario</b><br>Test class: runner.TestRunner<br>Test method: Runs Cucumber Scenarios<br>Parameters: "User on login page and login with the fields empty "" and "passowrd"", "Validating Sign in page"</td>
<td></td>
<td>0</td>
<td>runner.TestRunner@24111ef1</td></tr>
<tr>
<td title='runner.TestRunner.runScenario()'><b>runScenario</b><br>Test class: runner.TestRunner<br>Test method: Runs Cucumber Scenarios<br>Parameters: "User is able to navigate to tryeditor page and run invalid python code", "Evaluate Queue module"</td>
<td></td>
<td>0</td>
<td>runner.TestRunner@24111ef1</td></tr>
<tr>
<td title='runner.TestRunner.runScenario()'><b>runScenario</b><br>Test class: runner.TestRunner<br>Test method: Runs Cucumber Scenarios<br>Parameters: "User is able to navigate to tryeditor page and run invalid python code", "Evaluate Stack Module"</td>
<td></td>
<td>0</td>
<td>runner.TestRunner@24111ef1</td></tr>
<tr>
<td title='runner.TestRunner.runScenario()'><b>runScenario</b><br>Test class: runner.TestRunner<br>Test method: Runs Cucumber Scenarios<br>Parameters: "Signin to Navigate through modules", "Validating Sign in page"</td>
<td></td>
<td>0</td>
<td>runner.TestRunner@24111ef1</td></tr>
<tr>
<td title='runner.TestRunner.runScenario()'><b>runScenario</b><br>Test class: runner.TestRunner<br>Test method: Runs Cucumber Scenarios<br>Parameters: "User is able to navigate to tryeditor page and run invalid python code", "Evaluate Linkedlist Module"</td>
<td></td>
<td>0</td>
<td>runner.TestRunner@24111ef1</td></tr>
<tr>
<td title='runner.TestRunner.runScenario()'><b>runScenario</b><br>Test class: runner.TestRunner<br>Test method: Runs Cucumber Scenarios<br>Parameters: "User is able to navigate to tryeditor page and run invalid python code", "Evaluate Linkedlist Module"</td>
<td></td>
<td>0</td>
<td>runner.TestRunner@24111ef1</td></tr>
<tr>
<td title='runner.TestRunner.runScenario()'><b>runScenario</b><br>Test class: runner.TestRunner<br>Test method: Runs Cucumber Scenarios<br>Parameters: "User is on Home page and click on dropdown "Queue" without sign in", "User Navigated to Home Page"</td>
<td></td>
<td>0</td>
<td>runner.TestRunner@24111ef1</td></tr>
<tr>
<td title='runner.TestRunner.runScenario()'><b>runScenario</b><br>Test class: runner.TestRunner<br>Test method: Runs Cucumber Scenarios<br>Parameters: "User is able to navigate to tryeditor page and run valid python code", "Evaluate arrays module"</td>
<td></td>
<td>1</td>
<td>runner.TestRunner@24111ef1</td></tr>
<tr>
<td title='runner.TestRunner.runScenario()'><b>runScenario</b><br>Test class: runner.TestRunner<br>Test method: Runs Cucumber Scenarios<br>Parameters: "User is able to navigate to tryeditor page and run valid python code", "Evaluate Linkedlist Module"</td>
<td></td>
<td>1</td>
<td>runner.TestRunner@24111ef1</td></tr>
<tr>
<td title='runner.TestRunner.runScenario()'><b>runScenario</b><br>Test class: runner.TestRunner<br>Test method: Runs Cucumber Scenarios<br>Parameters: "The user is presented with error message for empty fields below Password textbox", "Register page Validation"</td>
<td></td>
<td>0</td>
<td>runner.TestRunner@24111ef1</td></tr>
<tr>
<td title='runner.TestRunner.runScenario()'><b>runScenario</b><br>Test class: runner.TestRunner<br>Test method: Runs Cucumber Scenarios<br>Parameters: "User is able to navigate to tryeditor page and run valid python code", "Evaluate arrays module"</td>
<td></td>
<td>1</td>
<td>runner.TestRunner@24111ef1</td></tr>
<tr>
<td title='runner.TestRunner.runScenario()'><b>runScenario</b><br>Test class: runner.TestRunner<br>Test method: Runs Cucumber Scenarios<br>Parameters: "Verifying signout link", "Validating Sign in page"</td>
<td></td>
<td>0</td>
<td>runner.TestRunner@24111ef1</td></tr>
<tr>
<td title='runner.TestRunner.runScenario()'><b>runScenario</b><br>Test class: runner.TestRunner<br>Test method: Runs Cucumber Scenarios<br>Parameters: "User is able to navigate to tryeditor page and run valid python code", "Evaluate arrays module"</td>
<td></td>
<td>1</td>
<td>runner.TestRunner@24111ef1</td></tr>
<tr>
<td title='runner.TestRunner.runScenario()'><b>runScenario</b><br>Test class: runner.TestRunner<br>Test method: Runs Cucumber Scenarios<br>Parameters: "User is able to navigate to tryeditor page and run valid python code", "Evaluate Tree module"</td>
<td></td>
<td>1</td>
<td>runner.TestRunner@24111ef1</td></tr>
<tr>
<td title='runner.TestRunner.runScenario()'><b>runScenario</b><br>Test class: runner.TestRunner<br>Test method: Runs Cucumber Scenarios<br>Parameters: "User is able to sign out", "Evaluate Graph module"</td>
<td></td>
<td>0</td>
<td>runner.TestRunner@24111ef1</td></tr>
<tr>
<td title='runner.TestRunner.runScenario()'><b>runScenario</b><br>Test class: runner.TestRunner<br>Test method: Runs Cucumber Scenarios<br>Parameters: "User is able to navigate Queue", "Evaluate Queue module"</td>
<td></td>
<td>1</td>
<td>runner.TestRunner@24111ef1</td></tr>
<tr>
<td title='runner.TestRunner.runScenario()'><b>runScenario</b><br>Test class: runner.TestRunner<br>Test method: Runs Cucumber Scenarios<br>Parameters: "User is able to navigate to tryeditor page and run invalid python code", "Evaluate Queue module"</td>
<td></td>
<td>0</td>
<td>runner.TestRunner@24111ef1</td></tr>
<tr>
<td title='runner.TestRunner.runScenario()'><b>runScenario</b><br>Test class: runner.TestRunner<br>Test method: Runs Cucumber Scenarios<br>Parameters: "User on login page and login with invalid and valid inputs from Excel "Sheet1" and 3", "Validating Sign in page"</td>
<td></td>
<td>0</td>
<td>runner.TestRunner@24111ef1</td></tr>
<tr>
<td title='runner.TestRunner.runScenario()'><b>runScenario</b><br>Test class: runner.TestRunner<br>Test method: Runs Cucumber Scenarios<br>Parameters: "User is able to navigate to tryeditor page and run valid python code", "Evaluate Stack Module"</td>
<td></td>
<td>1</td>
<td>runner.TestRunner@24111ef1</td></tr>
<tr>
<td title='runner.TestRunner.runScenario()'><b>runScenario</b><br>Test class: runner.TestRunner<br>Test method: Runs Cucumber Scenarios<br>Parameters: "User is able to navigate to tryeditor page and run valid python code", "Evaluate arrays module"</td>
<td></td>
<td>1</td>
<td>runner.TestRunner@24111ef1</td></tr>
<tr>
<td title='runner.TestRunner.runScenario()'><b>runScenario</b><br>Test class: runner.TestRunner<br>Test method: Runs Cucumber Scenarios<br>Parameters: "User is able to navigate to tryeditor page and run invalid python code", "Evaluate arrays module"</td>
<td></td>
<td>0</td>
<td>runner.TestRunner@24111ef1</td></tr>
<tr>
<td title='runner.TestRunner.runScenario()'><b>runScenario</b><br>Test class: runner.TestRunner<br>Test method: Runs Cucumber Scenarios<br>Parameters: "User is able to navigate to tryeditor page and run invalid python code", "Evaluate arrays module"</td>
<td></td>
<td>1</td>
<td>runner.TestRunner@24111ef1</td></tr>
<tr>
<td title='runner.TestRunner.runScenario()'><b>runScenario</b><br>Test class: runner.TestRunner<br>Test method: Runs Cucumber Scenarios<br>Parameters: "User is on Home page and click getstarted link on  home page without sign in", "User Navigated to Home Page"</td>
<td></td>
<td>0</td>
<td>runner.TestRunner@24111ef1</td></tr>
<tr>
<td title='runner.TestRunner.runScenario()'><b>runScenario</b><br>Test class: runner.TestRunner<br>Test method: Runs Cucumber Scenarios<br>Parameters: "User is able to navigate to tryeditor page and run valid python code", "Evaluate Tree module"</td>
<td></td>
<td>1</td>
<td>runner.TestRunner@24111ef1</td></tr>
<tr>
<td title='runner.TestRunner.runScenario()'><b>runScenario</b><br>Test class: runner.TestRunner<br>Test method: Runs Cucumber Scenarios<br>Parameters: "User is able to navigate to tryeditor page and run invalid python code", "Evaluate Tree module"</td>
<td></td>
<td>0</td>
<td>runner.TestRunner@24111ef1</td></tr>
<tr>
<td title='runner.TestRunner.runScenario()'><b>runScenario</b><br>Test class: runner.TestRunner<br>Test method: Runs Cucumber Scenarios<br>Parameters: "User is able to navigate to tryeditor page and run invalid python code", "Evaluate arrays module"</td>
<td></td>
<td>1</td>
<td>runner.TestRunner@24111ef1</td></tr>
<tr>
<td title='runner.TestRunner.runScenario()'><b>runScenario</b><br>Test class: runner.TestRunner<br>Test method: Runs Cucumber Scenarios<br>Parameters: "User on login page and login with the fields empty "" and """, "Validating Sign in page"</td>
<td></td>
<td>0</td>
<td>runner.TestRunner@24111ef1</td></tr>
<tr>
<td title='runner.TestRunner.runScenario()'><b>runScenario</b><br>Test class: runner.TestRunner<br>Test method: Runs Cucumber Scenarios<br>Parameters: "User is able to navigate to tryeditor page and run valid python code", "Evaluate arrays module"</td>
<td></td>
<td>1</td>
<td>runner.TestRunner@24111ef1</td></tr>
<tr>
<td title='runner.TestRunner.runScenario()'><b>runScenario</b><br>Test class: runner.TestRunner<br>Test method: Runs Cucumber Scenarios<br>Parameters: "User is able to navigate to tryeditor page and run invalid python code", "Evaluate Queue module"</td>
<td></td>
<td>0</td>
<td>runner.TestRunner@24111ef1</td></tr>
<tr>
<td title='runner.TestRunner.runScenario()'><b>runScenario</b><br>Test class: runner.TestRunner<br>Test method: Runs Cucumber Scenarios<br>Parameters: "User is able to navigate to tryeditor page and run invalid python code", "Evaluate Linkedlist Module"</td>
<td></td>
<td>0</td>
<td>runner.TestRunner@24111ef1</td></tr>
<tr>
<td title='runner.TestRunner.runScenario()'><b>runScenario</b><br>Test class: runner.TestRunner<br>Test method: Runs Cucumber Scenarios<br>Parameters: "User validating Practice Questions Page and navigate back to home page", "Evaluate Graph module"</td>
<td></td>
<td>0</td>
<td>runner.TestRunner@24111ef1</td></tr>
<tr>
<td title='runner.TestRunner.runScenario()'><b>runScenario</b><br>Test class: runner.TestRunner<br>Test method: Runs Cucumber Scenarios<br>Parameters: "User is able to navigate to tryeditor page and run valid python code", "Evaluate Stack Module"</td>
<td></td>
<td>1</td>
<td>runner.TestRunner@24111ef1</td></tr>
<tr>
<td title='runner.TestRunner.runScenario()'><b>runScenario</b><br>Test class: runner.TestRunner<br>Test method: Runs Cucumber Scenarios<br>Parameters: "User is able to navigate Data Structures Introduction", "Evaluate Data stuructures Introduction"</td>
<td></td>
<td>2</td>
<td>runner.TestRunner@24111ef1</td></tr>
<tr>
<td title='runner.TestRunner.runScenario()'><b>runScenario</b><br>Test class: runner.TestRunner<br>Test method: Runs Cucumber Scenarios<br>Parameters: "User is able to navigate to tryeditor page and run invalid python code", "Evaluate Tree module"</td>
<td></td>
<td>0</td>
<td>runner.TestRunner@24111ef1</td></tr>
<tr>
<td title='runner.TestRunner.runScenario()'><b>runScenario</b><br>Test class: runner.TestRunner<br>Test method: Runs Cucumber Scenarios<br>Parameters: "User is on Home page and click getstarted link on  home page without sign in", "User Navigated to Home Page"</td>
<td></td>
<td>0</td>
<td>runner.TestRunner@24111ef1</td></tr>
<tr>
<td title='runner.TestRunner.runScenario()'><b>runScenario</b><br>Test class: runner.TestRunner<br>Test method: Runs Cucumber Scenarios<br>Parameters: "User is able to navigate Stack", "Evaluate Stack Module"</td>
<td></td>
<td>1</td>
<td>runner.TestRunner@24111ef1</td></tr>
<tr>
<td title='runner.TestRunner.runScenario()'><b>runScenario</b><br>Test class: runner.TestRunner<br>Test method: Runs Cucumber Scenarios<br>Parameters: "User is able to navigate to tryeditor page and run valid python code", "Evaluate Tree module"</td>
<td></td>
<td>1</td>
<td>runner.TestRunner@24111ef1</td></tr>
<tr>
<td title='runner.TestRunner.runScenario()'><b>runScenario</b><br>Test class: runner.TestRunner<br>Test method: Runs Cucumber Scenarios<br>Parameters: "User on login page and login with invalid and valid inputs from Excel "Sheet1" and 2", "Validating Sign in page"</td>
<td></td>
<td>0</td>
<td>runner.TestRunner@24111ef1</td></tr>
<tr>
<td title='runner.TestRunner.runScenario()'><b>runScenario</b><br>Test class: runner.TestRunner<br>Test method: Runs Cucumber Scenarios<br>Parameters: "User is able to navigate to tryeditor page and run invalid python code", "Evaluate Tree module"</td>
<td></td>
<td>0</td>
<td>runner.TestRunner@24111ef1</td></tr>
<tr>
<td title='runner.TestRunner.runScenario()'><b>runScenario</b><br>Test class: runner.TestRunner<br>Test method: Runs Cucumber Scenarios<br>Parameters: "The user is presented with error message for empty fields below Username textbox", "Register page Validation"</td>
<td></td>
<td>0</td>
<td>runner.TestRunner@24111ef1</td></tr>
<tr>
<td title='runner.TestRunner.runScenario()'><b>runScenario</b><br>Test class: runner.TestRunner<br>Test method: Runs Cucumber Scenarios<br>Parameters: "User is on Home page and click on dropdown "Arrays" without sign in", "User Navigated to Home Page"</td>
<td></td>
<td>0</td>
<td>runner.TestRunner@24111ef1</td></tr>
<tr>
<td title='runner.TestRunner.runScenario()'><b>runScenario</b><br>Test class: runner.TestRunner<br>Test method: Runs Cucumber Scenarios<br>Parameters: "User validating Practice Questions Page and navigate back to home page", "Evaluate Tree module"</td>
<td></td>
<td>0</td>
<td>runner.TestRunner@24111ef1</td></tr>
<tr>
<td title='runner.TestRunner.runScenario()'><b>runScenario</b><br>Test class: runner.TestRunner<br>Test method: Runs Cucumber Scenarios<br>Parameters: "User is able to navigate Linked List", "Evaluate Linkedlist Module"</td>
<td></td>
<td>1</td>
<td>runner.TestRunner@24111ef1</td></tr>
<tr>
<td title='runner.TestRunner.runScenario()'><b>runScenario</b><br>Test class: runner.TestRunner<br>Test method: Runs Cucumber Scenarios<br>Parameters: "User is able to navigate to tryeditor page and run invalid python code", "Evaluate Tree module"</td>
<td></td>
<td>0</td>
<td>runner.TestRunner@24111ef1</td></tr>
<tr>
<td title='runner.TestRunner.runScenario()'><b>runScenario</b><br>Test class: runner.TestRunner<br>Test method: Runs Cucumber Scenarios<br>Parameters: "User is able to navigate to tryeditor page and run invalid python code", "Evaluate Tree module"</td>
<td></td>
<td>0</td>
<td>runner.TestRunner@24111ef1</td></tr>
<tr>
<td title='runner.TestRunner.runScenario()'><b>runScenario</b><br>Test class: runner.TestRunner<br>Test method: Runs Cucumber Scenarios<br>Parameters: "User is able to navigate to tryeditor page and run valid python code", "Evaluate arrays module"</td>
<td></td>
<td>1</td>
<td>runner.TestRunner@24111ef1</td></tr>
<tr>
<td title='runner.TestRunner.runScenario()'><b>runScenario</b><br>Test class: runner.TestRunner<br>Test method: Runs Cucumber Scenarios<br>Parameters: "User is on Home page and click getstarted link on  home page without sign in", "User Navigated to Home Page"</td>
<td></td>
<td>0</td>
<td>runner.TestRunner@24111ef1</td></tr>
<tr>
<td title='runner.TestRunner.runScenario()'><b>runScenario</b><br>Test class: runner.TestRunner<br>Test method: Runs Cucumber Scenarios<br>Parameters: "User is on Home page and click on sign in", "User Navigated to Home Page"</td>
<td></td>
<td>0</td>
<td>runner.TestRunner@24111ef1</td></tr>
<tr>
<td title='runner.TestRunner.runScenario()'><b>runScenario</b><br>Test class: runner.TestRunner<br>Test method: Runs Cucumber Scenarios<br>Parameters: "User is able to navigate to tryeditor page and run valid python code", "Evaluate Linkedlist Module"</td>
<td></td>
<td>1</td>
<td>runner.TestRunner@24111ef1</td></tr>
<tr>
<td title='runner.TestRunner.runScenario()'><b>runScenario</b><br>Test class: runner.TestRunner<br>Test method: Runs Cucumber Scenarios<br>Parameters: "User is able to navigate to tryeditor page and run invalid python code", "Evaluate Graph module"</td>
<td></td>
<td>0</td>
<td>runner.TestRunner@24111ef1</td></tr>
<tr>
<td title='runner.TestRunner.runScenario()'><b>runScenario</b><br>Test class: runner.TestRunner<br>Test method: Runs Cucumber Scenarios<br>Parameters: "User is able to navigate to tryeditor page and run valid python code", "Evaluate Graph module"</td>
<td></td>
<td>1</td>
<td>runner.TestRunner@24111ef1</td></tr>
<tr>
<td title='runner.TestRunner.runScenario()'><b>runScenario</b><br>Test class: runner.TestRunner<br>Test method: Runs Cucumber Scenarios<br>Parameters: "User is able to navigate to tryeditor page and run invalid python code", "Evaluate Tree module"</td>
<td></td>
<td>0</td>
<td>runner.TestRunner@24111ef1</td></tr>
<tr>
<td title='runner.TestRunner.runScenario()'><b>runScenario</b><br>Test class: runner.TestRunner<br>Test method: Runs Cucumber Scenarios<br>Parameters: "User is able to navigate to tryeditor page and run valid python code", "Evaluate Tree module"</td>
<td></td>
<td>1</td>
<td>runner.TestRunner@24111ef1</td></tr>
<tr>
<td title='runner.TestRunner.runScenario()'><b>runScenario</b><br>Test class: runner.TestRunner<br>Test method: Runs Cucumber Scenarios<br>Parameters: "User is able to navigate to tryeditor page and run valid python code", "Evaluate Linkedlist Module"</td>
<td></td>
<td>1</td>
<td>runner.TestRunner@24111ef1</td></tr>
<tr>
<td title='runner.TestRunner.runScenario()'><b>runScenario</b><br>Test class: runner.TestRunner<br>Test method: Runs Cucumber Scenarios<br>Parameters: "User is able to navigate to tryeditor page and run invalid python code", "Evaluate Stack Module"</td>
<td></td>
<td>0</td>
<td>runner.TestRunner@24111ef1</td></tr>
<tr>
<td title='runner.TestRunner.runScenario()'><b>runScenario</b><br>Test class: runner.TestRunner<br>Test method: Runs Cucumber Scenarios<br>Parameters: "User is able to navigate Graph", "Evaluate Graph module"</td>
<td></td>
<td>1</td>
<td>runner.TestRunner@24111ef1</td></tr>
<tr>
<td title='runner.TestRunner.runScenario()'><b>runScenario</b><br>Test class: runner.TestRunner<br>Test method: Runs Cucumber Scenarios<br>Parameters: "User is able to navigate to tryeditor page and run valid python code", "Evaluate Tree module"</td>
<td></td>
<td>1</td>
<td>runner.TestRunner@24111ef1</td></tr>
<tr>
<td title='runner.TestRunner.runScenario()'><b>runScenario</b><br>Test class: runner.TestRunner<br>Test method: Runs Cucumber Scenarios<br>Parameters: "User is able to navigate to tryeditor page and run invalid python code", "Evaluate Queue module"</td>
<td></td>
<td>0</td>
<td>runner.TestRunner@24111ef1</td></tr>
<tr>
<td title='runner.TestRunner.runScenario()'><b>runScenario</b><br>Test class: runner.TestRunner<br>Test method: Runs Cucumber Scenarios<br>Parameters: "User is able to navigate to tryeditor page and run valid python code", "Evaluate Linkedlist Module"</td>
<td></td>
<td>1</td>
<td>runner.TestRunner@24111ef1</td></tr>
<tr>
<td title='runner.TestRunner.runScenario()'><b>runScenario</b><br>Test class: runner.TestRunner<br>Test method: Runs Cucumber Scenarios<br>Parameters: "Verifying Register link", "Validating Sign in page"</td>
<td></td>
<td>0</td>
<td>runner.TestRunner@24111ef1</td></tr>
<tr>
<td title='runner.TestRunner.runScenario()'><b>runScenario</b><br>Test class: runner.TestRunner<br>Test method: Runs Cucumber Scenarios<br>Parameters: "User is able to navigate to tryeditor page and run invalid python code", "Evaluate Tree module"</td>
<td></td>
<td>0</td>
<td>runner.TestRunner@24111ef1</td></tr>
<tr>
<td title='runner.TestRunner.runScenario()'><b>runScenario</b><br>Test class: runner.TestRunner<br>Test method: Runs Cucumber Scenarios<br>Parameters: "The user is presented with error message for empty fields below confirm Password textbox", "Register page Validation"</td>
<td></td>
<td>0</td>
<td>runner.TestRunner@24111ef1</td></tr>
<tr>
<td title='runner.TestRunner.runScenario()'><b>runScenario</b><br>Test class: runner.TestRunner<br>Test method: Runs Cucumber Scenarios<br>Parameters: "Evaluate Arrays in Python link", "Evaluate arrays module"</td>
<td></td>
<td>0</td>
<td>runner.TestRunner@24111ef1</td></tr>
<tr>
<td title='runner.TestRunner.runScenario()'><b>runScenario</b><br>Test class: runner.TestRunner<br>Test method: Runs Cucumber Scenarios<br>Parameters: "Evaluate Array Module", "Evaluate arrays module"</td>
<td></td>
<td>0</td>
<td>runner.TestRunner@24111ef1</td></tr>
<tr>
<td title='runner.TestRunner.runScenario()'><b>runScenario</b><br>Test class: runner.TestRunner<br>Test method: Runs Cucumber Scenarios<br>Parameters: "User is able to navigate to tryeditor page and run valid python code", "Evaluate arrays module"</td>
<td></td>
<td>1</td>
<td>runner.TestRunner@24111ef1</td></tr>
<tr>
<td title='runner.TestRunner.runScenario()'><b>runScenario</b><br>Test class: runner.TestRunner<br>Test method: Runs Cucumber Scenarios<br>Parameters: "Launch url", "Open Ds algo portal url"</td>
<td></td>
<td>0</td>
<td>runner.TestRunner@24111ef1</td></tr>
<tr>
<td title='runner.TestRunner.runScenario()'><b>runScenario</b><br>Test class: runner.TestRunner<br>Test method: Runs Cucumber Scenarios<br>Parameters: "User is on Home page and click on dropdown "Linkedlist" without sign in", "User Navigated to Home Page"</td>
<td></td>
<td>0</td>
<td>runner.TestRunner@24111ef1</td></tr>
<tr>
<td title='runner.TestRunner.runScenario()'><b>runScenario</b><br>Test class: runner.TestRunner<br>Test method: Runs Cucumber Scenarios<br>Parameters: "The user is presented with error message for password mismatch", "Register page Validation"</td>
<td></td>
<td>0</td>
<td>runner.TestRunner@24111ef1</td></tr>
<tr>
<td title='runner.TestRunner.runScenario()'><b>runScenario</b><br>Test class: runner.TestRunner<br>Test method: Runs Cucumber Scenarios<br>Parameters: "User is able to navigate to tryeditor page and run invalid python code", "Evaluate Tree module"</td>
<td></td>
<td>0</td>
<td>runner.TestRunner@24111ef1</td></tr>
<tr>
<td title='runner.TestRunner.runScenario()'><b>runScenario</b><br>Test class: runner.TestRunner<br>Test method: Runs Cucumber Scenarios<br>Parameters: "User is able to navigate to tryeditor page and run invalid python code", "Evaluate Linkedlist Module"</td>
<td></td>
<td>0</td>
<td>runner.TestRunner@24111ef1</td></tr>
<tr>
<td title='runner.TestRunner.runScenario()'><b>runScenario</b><br>Test class: runner.TestRunner<br>Test method: Runs Cucumber Scenarios<br>Parameters: "User on login page and login with the fields empty "user" and """, "Validating Sign in page"</td>
<td></td>
<td>0</td>
<td>runner.TestRunner@24111ef1</td></tr>
<tr>
<td title='runner.TestRunner.runScenario()'><b>runScenario</b><br>Test class: runner.TestRunner<br>Test method: Runs Cucumber Scenarios<br>Parameters: "User is on Home page and click on dropdown "Graph" without sign in", "User Navigated to Home Page"</td>
<td></td>
<td>0</td>
<td>runner.TestRunner@24111ef1</td></tr>
<tr>
<td title='runner.TestRunner.runScenario()'><b>runScenario</b><br>Test class: runner.TestRunner<br>Test method: Runs Cucumber Scenarios<br>Parameters: "User validating Practice Questions Page and navigate back to home page", "Evaluate Stack Module"</td>
<td></td>
<td>0</td>
<td>runner.TestRunner@24111ef1</td></tr>
<tr>
<td title='runner.TestRunner.runScenario()'><b>runScenario</b><br>Test class: runner.TestRunner<br>Test method: Runs Cucumber Scenarios<br>Parameters: "User is able to navigate to tryeditor page and run valid python code", "Evaluate Tree module"</td>
<td></td>
<td>1</td>
<td>runner.TestRunner@24111ef1</td></tr>
<tr>
<td title='runner.TestRunner.runScenario()'><b>runScenario</b><br>Test class: runner.TestRunner<br>Test method: Runs Cucumber Scenarios<br>Parameters: "User is able to navigate to tryeditor page and run invalid python code", "Evaluate Linkedlist Module"</td>
<td></td>
<td>0</td>
<td>runner.TestRunner@24111ef1</td></tr>
<tr>
<td title='runner.TestRunner.runScenario()'><b>runScenario</b><br>Test class: runner.TestRunner<br>Test method: Runs Cucumber Scenarios<br>Parameters: "User is able to navigate to tryeditor page and run invalid python code", "Evaluate Linkedlist Module"</td>
<td></td>
<td>0</td>
<td>runner.TestRunner@24111ef1</td></tr>
<tr>
<td title='runner.TestRunner.runScenario()'><b>runScenario</b><br>Test class: runner.TestRunner<br>Test method: Runs Cucumber Scenarios<br>Parameters: "User is able to navigate to tryeditor page and run invalid python code", "Evaluate Tree module"</td>
<td></td>
<td>0</td>
<td>runner.TestRunner@24111ef1</td></tr>
<tr>
<td title='runner.TestRunner.runScenario()'><b>runScenario</b><br>Test class: runner.TestRunner<br>Test method: Runs Cucumber Scenarios<br>Parameters: "User validating Practice Questions Page and navigate back to home page", "Evaluate Queue module"</td>
<td></td>
<td>0</td>
<td>runner.TestRunner@24111ef1</td></tr>
<tr>
<td title='runner.TestRunner.runScenario()'><b>runScenario</b><br>Test class: runner.TestRunner<br>Test method: Runs Cucumber Scenarios<br>Parameters: "User is able to navigate to tryeditor page and run valid python code", "Evaluate Tree module"</td>
<td></td>
<td>1</td>
<td>runner.TestRunner@24111ef1</td></tr>
<tr>
<td title='runner.TestRunner.runScenario()'><b>runScenario</b><br>Test class: runner.TestRunner<br>Test method: Runs Cucumber Scenarios<br>Parameters: "User is able to navigate to tryeditor page and run valid python code", "Evaluate arrays module"</td>
<td></td>
<td>1</td>
<td>runner.TestRunner@24111ef1</td></tr>
<tr>
<td title='runner.TestRunner.runScenario()'><b>runScenario</b><br>Test class: runner.TestRunner<br>Test method: Runs Cucumber Scenarios<br>Parameters: "User is able to navigate to tryeditor page and run invalid python code", "Evaluate Tree module"</td>
<td></td>
<td>0</td>
<td>runner.TestRunner@24111ef1</td></tr>
<tr>
<td title='runner.TestRunner.runScenario()'><b>runScenario</b><br>Test class: runner.TestRunner<br>Test method: Runs Cucumber Scenarios<br>Parameters: "User is able to navigate to tryeditor page and run invalid python code", "Evaluate Graph module"</td>
<td></td>
<td>0</td>
<td>runner.TestRunner@24111ef1</td></tr>
</table><p>
</body>
</html>