<?xml version="1.0" encoding="UTF-8"?>
<!-- Generated by org.testng.reporters.JUnitReportReporter -->
<testsuite hostname="DESKTOP-HCH6RMM" failures="10" tests="124" name="runner.TestRunner" time="107.464" errors="1" timestamp="2023-08-19T12:11:43 EDT" skipped="0">
  <testcase classname="runner.TestRunner" name="runScenario" time="1.220"/>
  <system-out/>
  <testcase classname="runner.TestRunner" name="runScenario" time="0.798"/>
  <system-out/>
  <testcase classname="runner.TestRunner" name="runScenario" time="1.317"/>
  <system-out/>
  <testcase classname="runner.TestRunner" name="runScenario" time="0.745">
    <failure message="expected [Password should contain at least 8 characters] but found [password_mismatch:The two password fields didn’t match.]" type="java.lang.AssertionError">
      <![CDATA[java.lang.AssertionError: expected [Password should contain at least 8 characters] but found [password_mismatch:The two password fields didn’t match.]
at org.testng.Assert.fail(Assert.java:110)
at org.testng.Assert.failNotEquals(Assert.java:1577)
at org.testng.Assert.assertEqualsImpl(Assert.java:149)
at org.testng.Assert.assertEquals(Assert.java:131)
at org.testng.Assert.assertEquals(Assert.java:655)
at org.testng.Assert.assertEquals(Assert.java:665)
at StepDefinition.C_Register_SD.it_should_display_an_error_message(C_Register_SD.java:79)
at ✽.It should display an error message "Password should contain at least 8 characters"(file:///C:/Users/limna/eclipse-workspace/SDET_Algo/src/test/resources/features/3_Register.feature:66)
]]>
    </failure>
  </testcase> <!-- runScenario -->
  <system-out/>
  <testcase classname="runner.TestRunner" name="runScenario" time="0.392"/>
  <system-out/>
  <testcase classname="runner.TestRunner" name="runScenario" time="0.712"/>
  <system-out/>
  <testcase classname="runner.TestRunner" name="runScenario" time="0.503"/>
  <system-out/>
  <testcase classname="runner.TestRunner" name="runScenario" time="1.847">
    <failure message="expected [Please check your password] but found [Invalid Username and Password]" type="java.lang.AssertionError">
      <![CDATA[java.lang.AssertionError: expected [Please check your password] but found [Invalid Username and Password]
at org.testng.Assert.fail(Assert.java:110)
at org.testng.Assert.failNotEquals(Assert.java:1577)
at org.testng.Assert.assertEqualsImpl(Assert.java:149)
at org.testng.Assert.assertEquals(Assert.java:131)
at org.testng.Assert.assertEquals(Assert.java:655)
at org.testng.Assert.assertEquals(Assert.java:665)
at StepDefinition.D_SignIn_SD.click_login_button(D_SignIn_SD.java:119)
at ✽.click login button(file:///C:/Users/limna/eclipse-workspace/SDET_Algo/src/test/resources/features/4_SignIn.feature:44)
]]>
    </failure>
  </testcase> <!-- runScenario -->
  <system-out/>
  <testcase classname="runner.TestRunner" name="runScenario" time="0.765">
    <failure message="expected [Please enter a valid username] but found [password_mismatch:The two password fields didn’t match.]" type="java.lang.AssertionError">
      <![CDATA[java.lang.AssertionError: expected [Please enter a valid username] but found [password_mismatch:The two password fields didn’t match.]
at org.testng.Assert.fail(Assert.java:110)
at org.testng.Assert.failNotEquals(Assert.java:1577)
at org.testng.Assert.assertEqualsImpl(Assert.java:149)
at org.testng.Assert.assertEquals(Assert.java:131)
at org.testng.Assert.assertEquals(Assert.java:655)
at org.testng.Assert.assertEquals(Assert.java:665)
at StepDefinition.C_Register_SD.it_should_display_an_error_message(C_Register_SD.java:79)
at ✽.It should display an error message "Please enter a valid username"(file:///C:/Users/limna/eclipse-workspace/SDET_Algo/src/test/resources/features/3_Register.feature:51)
]]>
    </failure>
  </testcase> <!-- runScenario -->
  <system-out/>
  <testcase classname="runner.TestRunner" name="runScenario" time="1.283"/>
  <system-out/>
  <testcase classname="runner.TestRunner" name="runScenario" time="1.353"/>
  <system-out/>
  <testcase classname="runner.TestRunner" name="runScenario" time="0.319"/>
  <system-out/>
  <testcase classname="runner.TestRunner" name="runScenario" time="0.878">
    <failure message="expected [Username already exists] but found [password_mismatch:The two password fields didn’t match.]" type="java.lang.AssertionError">
      <![CDATA[java.lang.AssertionError: expected [Username already exists] but found [password_mismatch:The two password fields didn’t match.]
at org.testng.Assert.fail(Assert.java:110)
at org.testng.Assert.failNotEquals(Assert.java:1577)
at org.testng.Assert.assertEqualsImpl(Assert.java:149)
at org.testng.Assert.assertEquals(Assert.java:131)
at org.testng.Assert.assertEquals(Assert.java:655)
at org.testng.Assert.assertEquals(Assert.java:665)
at StepDefinition.C_Register_SD.it_should_display_an_error_message(C_Register_SD.java:79)
at ✽.It should display an error message "Username already exists"(file:///C:/Users/limna/eclipse-workspace/SDET_Algo/src/test/resources/features/3_Register.feature:98)
]]>
    </failure>
  </testcase> <!-- runScenario -->
  <system-out/>
  <testcase classname="runner.TestRunner" name="runScenario" time="1.042">
    <failure message="Title mismatch expected [NumpyNinja] but found [ProgrammingError at /register]" type="java.lang.AssertionError">
      <![CDATA[java.lang.AssertionError: Title mismatch expected [NumpyNinja] but found [ProgrammingError at /register]
at org.testng.Assert.fail(Assert.java:110)
at org.testng.Assert.failNotEquals(Assert.java:1577)
at org.testng.Assert.assertEqualsImpl(Assert.java:149)
at org.testng.Assert.assertEquals(Assert.java:131)
at org.testng.Assert.assertEquals(Assert.java:655)
at StepDefinition.C_Register_SD.the_user_should_be_redirected_to_homepage_with_the_message(C_Register_SD.java:134)
at ✽.The user should be redirected to Homepage with the message "New Account Created. You are logged in as <username>"(file:///C:/Users/limna/eclipse-workspace/SDET_Algo/src/test/resources/features/3_Register.feature:105)
]]>
    </failure>
  </testcase> <!-- runScenario -->
  <system-out/>
  <testcase classname="runner.TestRunner" name="runScenario" time="1.452"/>
  <system-out/>
  <testcase classname="runner.TestRunner" name="runScenario" time="1.296"/>
  <system-out/>
  <testcase classname="runner.TestRunner" name="runScenario" time="1.527"/>
  <system-out/>
  <testcase classname="runner.TestRunner" name="runScenario" time="0.890"/>
  <system-out/>
  <testcase classname="runner.TestRunner" name="runScenario" time="1.269"/>
  <system-out/>
  <testcase classname="runner.TestRunner" name="runScenario" time="1.035"/>
  <system-out/>
  <testcase classname="runner.TestRunner" name="runScenario" time="0.461"/>
  <system-out/>
  <testcase classname="runner.TestRunner" name="runScenario" time="0.696"/>
  <system-out/>
  <testcase classname="runner.TestRunner" name="runScenario" time="0.651"/>
  <system-out/>
  <testcase classname="runner.TestRunner" name="runScenario" time="0.407"/>
  <system-out/>
  <testcase classname="runner.TestRunner" name="runScenario" time="1.176"/>
  <system-out/>
  <testcase classname="runner.TestRunner" name="runScenario" time="0.282"/>
  <system-out/>
  <testcase classname="runner.TestRunner" name="runScenario" time="1.070"/>
  <system-out/>
  <testcase classname="runner.TestRunner" name="runScenario" time="0.718"/>
  <system-out/>
  <testcase classname="runner.TestRunner" name="runScenario" time="1.309"/>
  <system-out/>
  <testcase classname="runner.TestRunner" name="runScenario" time="0.767"/>
  <system-out/>
  <testcase classname="runner.TestRunner" name="runScenario" time="0.769">
    <failure message="expected [Password can’t be commonly used password] but found [password_mismatch:The two password fields didn’t match.]" type="java.lang.AssertionError">
      <![CDATA[java.lang.AssertionError: expected [Password can’t be commonly used password] but found [password_mismatch:The two password fields didn’t match.]
at org.testng.Assert.fail(Assert.java:110)
at org.testng.Assert.failNotEquals(Assert.java:1577)
at org.testng.Assert.assertEqualsImpl(Assert.java:149)
at org.testng.Assert.assertEquals(Assert.java:131)
at org.testng.Assert.assertEquals(Assert.java:655)
at org.testng.Assert.assertEquals(Assert.java:665)
at StepDefinition.C_Register_SD.it_should_display_an_error_message(C_Register_SD.java:79)
at ✽.It should display an error message "Password can’t be commonly used password"(file:///C:/Users/limna/eclipse-workspace/SDET_Algo/src/test/resources/features/3_Register.feature:90)
]]>
    </failure>
  </testcase> <!-- runScenario -->
  <system-out/>
  <testcase classname="runner.TestRunner" name="runScenario" time="2.399"/>
  <system-out/>
  <testcase classname="runner.TestRunner" name="runScenario" time="0.951"/>
  <system-out/>
  <testcase classname="runner.TestRunner" name="runScenario" time="0.431"/>
  <system-out/>
  <testcase classname="runner.TestRunner" name="runScenario" time="0.386"/>
  <system-out/>
  <testcase classname="runner.TestRunner" name="runScenario" time="1.190"/>
  <system-out/>
  <testcase classname="runner.TestRunner" name="runScenario" time="0.470"/>
  <system-out/>
  <testcase classname="runner.TestRunner" name="runScenario" time="1.005">
    <failure message="expected [Please check your user id] but found [Invalid Username and Password]" type="java.lang.AssertionError">
      <![CDATA[java.lang.AssertionError: expected [Please check your user id] but found [Invalid Username and Password]
at org.testng.Assert.fail(Assert.java:110)
at org.testng.Assert.failNotEquals(Assert.java:1577)
at org.testng.Assert.assertEqualsImpl(Assert.java:149)
at org.testng.Assert.assertEquals(Assert.java:131)
at org.testng.Assert.assertEquals(Assert.java:655)
at org.testng.Assert.assertEquals(Assert.java:665)
at StepDefinition.D_SignIn_SD.click_login_button(D_SignIn_SD.java:119)
at ✽.click login button(file:///C:/Users/limna/eclipse-workspace/SDET_Algo/src/test/resources/features/4_SignIn.feature:44)
]]>
    </failure>
  </testcase> <!-- runScenario -->
  <system-out/>
  <testcase classname="runner.TestRunner" name="runScenario" time="1.015"/>
  <system-out/>
  <testcase classname="runner.TestRunner" name="runScenario" time="0.869"/>
  <system-out/>
  <testcase classname="runner.TestRunner" name="runScenario" time="0.733"/>
  <system-out/>
  <testcase classname="runner.TestRunner" name="runScenario" time="1.314"/>
  <system-out/>
  <testcase classname="runner.TestRunner" name="runScenario" time="1.151"/>
  <system-out/>
  <testcase classname="runner.TestRunner" name="runScenario" time="0.770"/>
  <system-out/>
  <testcase classname="runner.TestRunner" name="runScenario" time="1.257"/>
  <system-out/>
  <testcase classname="runner.TestRunner" name="runScenario" time="1.230"/>
  <system-out/>
  <testcase classname="runner.TestRunner" name="runScenario" time="0.414"/>
  <system-out/>
  <testcase classname="runner.TestRunner" name="runScenario" time="0.367"/>
  <system-out/>
  <testcase classname="runner.TestRunner" name="runScenario" time="1.219"/>
  <system-out/>
  <testcase classname="runner.TestRunner" name="runScenario" time="0.852"/>
  <system-out/>
  <testcase classname="runner.TestRunner" name="runScenario" time="0.497"/>
  <system-out/>
  <testcase classname="runner.TestRunner" name="runScenario" time="0.313"/>
  <system-out/>
  <testcase classname="runner.TestRunner" name="runScenario" time="0.668"/>
  <system-out/>
  <testcase classname="runner.TestRunner" name="runScenario" time="1.184"/>
  <system-out/>
  <testcase classname="runner.TestRunner" name="runScenario" time="0.348">
    <error message="no such element: Unable to locate element: {&quot;method&quot;:&quot;xpath&quot;,&quot;selector&quot;:&quot;//a[@href=&#039;/logout&#039;]&quot;}
  (Session info: chrome=116.0.5845.97)
For documentation on this error, please visit: https://www.selenium.dev/documentation/webdriver/troubleshooting/errors#no-such-element-exception
Build info: version: &#039;4.11.0&#039;, revision: &#039;040bc5406b&#039;
System info: os.name: &#039;Windows 10&#039;, os.arch: &#039;amd64&#039;, os.version: &#039;10.0&#039;, java.version: &#039;17.0.7&#039;
Driver info: org.openqa.selenium.chrome.ChromeDriver
Command: [b70a4ad9530eff25ed3bc9e12f3605d5, findElement {using=xpath, value=//a[@href=&#039;/logout&#039;]}]
Capabilities {acceptInsecureCerts: false, browserName: chrome, browserVersion: 116.0.5845.97, chrome: {chromedriverVersion: 116.0.5845.96 (1a3918166880..., userDataDir: C:\Users\limna\AppData\Loca...}, fedcm:accounts: true, goog:chromeOptions: {debuggerAddress: localhost:61531}, networkConnectionEnabled: false, pageLoadStrategy: normal, platformName: windows, proxy: Proxy(), se:cdp: ws://localhost:61531/devtoo..., se:cdpVersion: 116.0.5845.97, setWindowRect: true, strictFileInteractability: false, timeouts: {implicit: 0, pageLoad: 300000, script: 30000}, unhandledPromptBehavior: dismiss and notify, webauthn:extension:credBlob: true, webauthn:extension:largeBlob: true, webauthn:extension:minPinLength: true, webauthn:extension:prf: true, webauthn:virtualAuthenticators: true}
Session ID: b70a4ad9530eff25ed3bc9e12f3605d5" type="org.openqa.selenium.NoSuchElementException">
      <![CDATA[org.openqa.selenium.NoSuchElementException: no such element: Unable to locate element: {"method":"xpath","selector":"//a[@href='/logout']"}
  (Session info: chrome=116.0.5845.97)
For documentation on this error, please visit: https://www.selenium.dev/documentation/webdriver/troubleshooting/errors#no-such-element-exception
Build info: version: '4.11.0', revision: '040bc5406b'
System info: os.name: 'Windows 10', os.arch: 'amd64', os.version: '10.0', java.version: '17.0.7'
Driver info: org.openqa.selenium.chrome.ChromeDriver
Command: [b70a4ad9530eff25ed3bc9e12f3605d5, findElement {using=xpath, value=//a[@href='/logout']}]
Capabilities {acceptInsecureCerts: false, browserName: chrome, browserVersion: 116.0.5845.97, chrome: {chromedriverVersion: 116.0.5845.96 (1a3918166880..., userDataDir: C:\Users\limna\AppData\Loca...}, fedcm:accounts: true, goog:chromeOptions: {debuggerAddress: localhost:61531}, networkConnectionEnabled: false, pageLoadStrategy: normal, platformName: windows, proxy: Proxy(), se:cdp: ws://localhost:61531/devtoo..., se:cdpVersion: 116.0.5845.97, setWindowRect: true, strictFileInteractability: false, timeouts: {implicit: 0, pageLoad: 300000, script: 30000}, unhandledPromptBehavior: dismiss and notify, webauthn:extension:credBlob: true, webauthn:extension:largeBlob: true, webauthn:extension:minPinLength: true, webauthn:extension:prf: true, webauthn:virtualAuthenticators: true}
Session ID: b70a4ad9530eff25ed3bc9e12f3605d5
at java.base/jdk.internal.reflect.NativeConstructorAccessorImpl.newInstance0(Native Method)
at java.base/jdk.internal.reflect.NativeConstructorAccessorImpl.newInstance(NativeConstructorAccessorImpl.java:77)
at java.base/jdk.internal.reflect.DelegatingConstructorAccessorImpl.newInstance(DelegatingConstructorAccessorImpl.java:45)
at java.base/java.lang.reflect.Constructor.newInstanceWithCaller(Constructor.java:499)
at java.base/java.lang.reflect.Constructor.newInstance(Constructor.java:480)
at org.openqa.selenium.remote.codec.w3c.W3CHttpResponseCodec.createException(W3CHttpResponseCodec.java:200)
at org.openqa.selenium.remote.codec.w3c.W3CHttpResponseCodec.decode(W3CHttpResponseCodec.java:133)
at org.openqa.selenium.remote.codec.w3c.W3CHttpResponseCodec.decode(W3CHttpResponseCodec.java:52)
at org.openqa.selenium.remote.HttpCommandExecutor.execute(HttpCommandExecutor.java:191)
at org.openqa.selenium.remote.service.DriverCommandExecutor.invokeExecute(DriverCommandExecutor.java:196)
at org.openqa.selenium.remote.service.DriverCommandExecutor.execute(DriverCommandExecutor.java:171)
at org.openqa.selenium.remote.RemoteWebDriver.execute(RemoteWebDriver.java:518)
at org.openqa.selenium.remote.ElementLocation$ElementFinder$2.findElement(ElementLocation.java:165)
at org.openqa.selenium.remote.ElementLocation.findElement(ElementLocation.java:59)
at org.openqa.selenium.remote.RemoteWebDriver.findElement(RemoteWebDriver.java:355)
at org.openqa.selenium.remote.RemoteWebDriver.findElement(RemoteWebDriver.java:349)
at org.openqa.selenium.support.pagefactory.DefaultElementLocator.findElement(DefaultElementLocator.java:68)
at org.openqa.selenium.support.pagefactory.internal.LocatingElementHandler.invoke(LocatingElementHandler.java:38)
at jdk.proxy2/jdk.proxy2.$Proxy44.click(Unknown Source)
at pageObjects.RegisterPage.clickSignout(RegisterPage.java:133)
at StepDefinition.C_Register_SD.the_user_clicks_the_link(C_Register_SD.java:173)
at ✽.The user clicks the "Sign Out" link(file:///C:/Users/limna/eclipse-workspace/SDET_Algo/src/test/resources/features/3_Register.feature:120)
]]>
    </error>
  </testcase> <!-- runScenario -->
  <system-out/>
  <testcase classname="runner.TestRunner" name="runScenario" time="0.460"/>
  <system-out/>
  <testcase classname="runner.TestRunner" name="runScenario" time="0.778"/>
  <system-out/>
  <testcase classname="runner.TestRunner" name="runScenario" time="0.744"/>
  <system-out/>
  <testcase classname="runner.TestRunner" name="runScenario" time="1.371"/>
  <system-out/>
  <testcase classname="runner.TestRunner" name="runScenario" time="0.694"/>
  <system-out/>
  <testcase classname="runner.TestRunner" name="runScenario" time="0.709"/>
  <system-out/>
  <testcase classname="runner.TestRunner" name="runScenario" time="1.121"/>
  <system-out/>
  <testcase classname="runner.TestRunner" name="runScenario" time="0.764"/>
  <system-out/>
  <testcase classname="runner.TestRunner" name="runScenario" time="0.755"/>
  <system-out/>
  <testcase classname="runner.TestRunner" name="runScenario" time="1.147"/>
  <system-out/>
  <testcase classname="runner.TestRunner" name="runScenario" time="0.665"/>
  <system-out/>
  <testcase classname="runner.TestRunner" name="runScenario" time="0.759"/>
  <system-out/>
  <testcase classname="runner.TestRunner" name="runScenario" time="0.422"/>
  <system-out/>
  <testcase classname="runner.TestRunner" name="runScenario" time="0.685"/>
  <system-out/>
  <testcase classname="runner.TestRunner" name="runScenario" time="1.166"/>
  <system-out/>
  <testcase classname="runner.TestRunner" name="runScenario" time="0.354"/>
  <system-out/>
  <testcase classname="runner.TestRunner" name="runScenario" time="0.728"/>
  <system-out/>
  <testcase classname="runner.TestRunner" name="runScenario" time="0.436"/>
  <system-out/>
  <testcase classname="runner.TestRunner" name="runScenario" time="0.387"/>
  <system-out/>
  <testcase classname="runner.TestRunner" name="runScenario" time="0.605"/>
  <system-out/>
  <testcase classname="runner.TestRunner" name="runScenario" time="0.464"/>
  <system-out/>
  <testcase classname="runner.TestRunner" name="runScenario" time="1.204"/>
  <system-out/>
  <testcase classname="runner.TestRunner" name="runScenario" time="0.770"/>
  <system-out/>
  <testcase classname="runner.TestRunner" name="runScenario" time="0.377"/>
  <system-out/>
  <testcase classname="runner.TestRunner" name="runScenario" time="0.419"/>
  <system-out/>
  <testcase classname="runner.TestRunner" name="runScenario" time="0.740"/>
  <system-out/>
  <testcase classname="runner.TestRunner" name="runScenario" time="1.171"/>
  <system-out/>
  <testcase classname="runner.TestRunner" name="runScenario" time="0.966"/>
  <system-out/>
  <testcase classname="runner.TestRunner" name="runScenario" time="0.770"/>
  <system-out/>
  <testcase classname="runner.TestRunner" name="runScenario" time="0.863"/>
  <system-out/>
  <testcase classname="runner.TestRunner" name="runScenario" time="0.291"/>
  <system-out/>
  <testcase classname="runner.TestRunner" name="runScenario" time="0.762"/>
  <system-out/>
  <testcase classname="runner.TestRunner" name="runScenario" time="0.792"/>
  <system-out/>
  <testcase classname="runner.TestRunner" name="runScenario" time="0.830"/>
  <system-out/>
  <testcase classname="runner.TestRunner" name="runScenario" time="1.310"/>
  <system-out/>
  <testcase classname="runner.TestRunner" name="runScenario" time="1.560"/>
  <system-out/>
  <testcase classname="runner.TestRunner" name="runScenario" time="0.784"/>
  <system-out/>
  <testcase classname="runner.TestRunner" name="runScenario" time="0.706"/>
  <system-out/>
  <testcase classname="runner.TestRunner" name="runScenario" time="1.390"/>
  <system-out/>
  <testcase classname="runner.TestRunner" name="runScenario" time="1.118"/>
  <system-out/>
  <testcase classname="runner.TestRunner" name="runScenario" time="0.968"/>
  <system-out/>
  <testcase classname="runner.TestRunner" name="runScenario" time="0.403"/>
  <system-out/>
  <testcase classname="runner.TestRunner" name="runScenario" time="0.407"/>
  <system-out/>
  <testcase classname="runner.TestRunner" name="runScenario" time="0.461"/>
  <system-out/>
  <testcase classname="runner.TestRunner" name="runScenario" time="1.147"/>
  <system-out/>
  <testcase classname="runner.TestRunner" name="runScenario" time="1.163"/>
  <system-out/>
  <testcase classname="runner.TestRunner" name="runScenario" time="0.727"/>
  <system-out/>
  <testcase classname="runner.TestRunner" name="runScenario" time="0.397"/>
  <system-out/>
  <testcase classname="runner.TestRunner" name="runScenario" time="1.202"/>
  <system-out/>
  <testcase classname="runner.TestRunner" name="runScenario" time="0.731"/>
  <system-out/>
  <testcase classname="runner.TestRunner" name="runScenario" time="0.751"/>
  <system-out/>
  <testcase classname="runner.TestRunner" name="runScenario" time="1.455"/>
  <system-out/>
  <testcase classname="runner.TestRunner" name="runScenario" time="1.015"/>
  <system-out/>
  <testcase classname="runner.TestRunner" name="runScenario" time="1.086"/>
  <system-out/>
  <testcase classname="runner.TestRunner" name="runScenario" time="1.195"/>
  <system-out/>
  <testcase classname="runner.TestRunner" name="runScenario" time="0.781">
    <failure message="expected [Password can’t be entirely numeric.] but found [password_mismatch:The two password fields didn’t match.]" type="java.lang.AssertionError">
      <![CDATA[java.lang.AssertionError: expected [Password can’t be entirely numeric.] but found [password_mismatch:The two password fields didn’t match.]
at org.testng.Assert.fail(Assert.java:110)
at org.testng.Assert.failNotEquals(Assert.java:1577)
at org.testng.Assert.assertEqualsImpl(Assert.java:149)
at org.testng.Assert.assertEquals(Assert.java:131)
at org.testng.Assert.assertEquals(Assert.java:655)
at org.testng.Assert.assertEquals(Assert.java:665)
at StepDefinition.C_Register_SD.it_should_display_an_error_message(C_Register_SD.java:79)
at ✽.It should display an error message "Password can’t be entirely numeric."(file:///C:/Users/limna/eclipse-workspace/SDET_Algo/src/test/resources/features/3_Register.feature:74)
]]>
    </failure>
  </testcase> <!-- runScenario -->
  <system-out/>
  <testcase classname="runner.TestRunner" name="runScenario" time="0.750"/>
  <system-out/>
  <testcase classname="runner.TestRunner" name="runScenario" time="1.799">
    <failure message="Result do not match expected [null] but found [Error occurred during submission]" type="java.lang.AssertionError">
      <![CDATA[java.lang.AssertionError: Result do not match expected [null] but found [Error occurred during submission]
at org.testng.Assert.fail(Assert.java:110)
at org.testng.Assert.failNotEquals(Assert.java:1577)
at org.testng.Assert.assertEqualsImpl(Assert.java:149)
at org.testng.Assert.assertEquals(Assert.java:131)
at org.testng.Assert.assertEquals(Assert.java:655)
at StepDefinition.F_Array_SD.the_user_should_be_presented_with_successful_submission_message(F_Array_SD.java:109)
at ✽.The user should be presented with successful submission message(file:///C:/Users/limna/eclipse-workspace/SDET_Algo/src/test/resources/features/6_Array.feature:149)
]]>
    </failure>
  </testcase> <!-- runScenario -->
  <system-out/>
  <testcase classname="runner.TestRunner" name="runScenario" time="0.395"/>
  <system-out/>
  <testcase classname="runner.TestRunner" name="runScenario" time="0.732"/>
  <system-out/>
  <testcase classname="runner.TestRunner" name="runScenario" time="0.725"/>
  <system-out/>
  <testcase classname="runner.TestRunner" name="runScenario" time="0.767"/>
  <system-out/>
  <testcase classname="runner.TestRunner" name="runScenario" time="0.796">
    <failure message="expected [password can’t be too similar to your other personal information.] but found [password_mismatch:The two password fields didn’t match.]" type="java.lang.AssertionError">
      <![CDATA[java.lang.AssertionError: expected [password can’t be too similar to your other personal information.] but found [password_mismatch:The two password fields didn’t match.]
at org.testng.Assert.fail(Assert.java:110)
at org.testng.Assert.failNotEquals(Assert.java:1577)
at org.testng.Assert.assertEqualsImpl(Assert.java:149)
at org.testng.Assert.assertEquals(Assert.java:131)
at org.testng.Assert.assertEquals(Assert.java:655)
at org.testng.Assert.assertEquals(Assert.java:665)
at StepDefinition.C_Register_SD.it_should_display_an_error_message(C_Register_SD.java:79)
at ✽.It should display an error message "password can’t be too similar to your other personal information."(file:///C:/Users/limna/eclipse-workspace/SDET_Algo/src/test/resources/features/3_Register.feature:82)
]]>
    </failure>
  </testcase> <!-- runScenario -->
  <system-out/>
  <testcase classname="runner.TestRunner" name="runScenario" time="0.769"/>
  <system-out/>
  <testcase classname="runner.TestRunner" name="runScenario" time="1.264"/>
  <system-out/>
  <testcase classname="runner.TestRunner" name="runScenario" time="0.769"/>
  <system-out/>
  <testcase classname="runner.TestRunner" name="runScenario" time="0.406"/>
  <system-out/>
  <testcase classname="runner.TestRunner" name="runScenario" time="1.096"/>
  <system-out/>
  <testcase classname="runner.TestRunner" name="runScenario" time="1.288"/>
  <system-out/>
</testsuite> <!-- runner.TestRunner -->
